;  LST file generated by mikroListExporter - v.2.0 
; Date/Time: 04/04/2018 10:14:53
;----------------------------------------------

;Address Opcode 	ASM
0x0000	0xF005EF46  	GOTO        2700
_interrupt:
;p7b.c,22 :: 		void interrupt(){
0x0008	0xF018C000  	MOVFF       R0, 24
0x000C	0xF017C001  	MOVFF       R1, 23
0x0010	0xF016C00C  	MOVFF       R12, 22
0x0014	0xF015C00D  	MOVFF       R13, 21
;p7b.c,24 :: 		if(INTCON.TMR0IF){
0x0018	0xA4F2      	BTFSS       INTCON, 2 
0x001A	0xD005      	BRA         L_interrupt11
;p7b.c,25 :: 		ADCON0.B2 = 1;
0x001C	0x84C2      	BSF         ADCON0, 2 
;p7b.c,26 :: 		TMR0H = (18661>>8);
0x001E	0x0E48      	MOVLW       72
0x0020	0x6ED7      	MOVWF       TMR0H 
;p7b.c,27 :: 		TMR0L = 18661;
0x0022	0x0EE5      	MOVLW       229
0x0024	0x6ED6      	MOVWF       TMR0L 
;p7b.c,28 :: 		}
L_interrupt11:
;p7b.c,29 :: 		if(PIR1.ADIF){
0x0026	0xAC9E      	BTFSS       PIR1, 6 
0x0028	0xD04A      	BRA         L_interrupt12
;p7b.c,30 :: 		aux =(ADRESH<<8);
0x002A	0xF001CFC4  	MOVFF       ADRESH, R1
0x002E	0x6A00      	CLRF        R0 
0x0030	0xF035C000  	MOVFF       R0, _aux
0x0034	0xF036C001  	MOVFF       R1, _aux+1
;p7b.c,31 :: 		aux =ADRESL + aux;
0x0038	0x50C3      	MOVF        ADRESL, 0 
0x003A	0x2400      	ADDWF       R0, 0 
0x003C	0x6E02      	MOVWF       R2 
0x003E	0x0E00      	MOVLW       0
0x0040	0x2001      	ADDWFC      R1, 0 
0x0042	0x6E03      	MOVWF       R3 
0x0044	0xF035C002  	MOVFF       R2, _aux
0x0048	0xF036C003  	MOVFF       R3, _aux+1
;p7b.c,32 :: 		if(auxAnterior != aux){
0x004C	0x503D      	MOVF        _auxAnterior+1, 0 
0x004E	0x1803      	XORWF       R3, 0 
0x0050	0xE102      	BNZ         L__interrupt19
0x0052	0x5002      	MOVF        R2, 0 
0x0054	0x183C      	XORWF       _auxAnterior, 0 
L__interrupt19:
0x0056	0xE02F      	BZ          L_interrupt13
;p7b.c,33 :: 		vi = aux*resolucion;
0x0058	0xF000C035  	MOVFF       _aux, R0
0x005C	0xF001C036  	MOVFF       _aux+1, R1
0x0060	0xDAAC      	RCALL       _int2double
0x0062	0xF004C023  	MOVFF       _resolucion, R4
0x0066	0xF005C024  	MOVFF       _resolucion+1, R5
0x006A	0xF006C025  	MOVFF       _resolucion+2, R6
0x006E	0xF007C026  	MOVFF       _resolucion+3, R7
0x0072	0xD90C      	RCALL       _Mul_32x32_FP
0x0074	0xF038C000  	MOVFF       R0, _vi
0x0078	0xF039C001  	MOVFF       R1, _vi+1
0x007C	0xF03AC002  	MOVFF       R2, _vi+2
0x0080	0xF03BC003  	MOVFF       R3, _vi+3
;p7b.c,34 :: 		FloatToStr(vi, txt);
0x0084	0xF03EC000  	MOVFF       R0, FARG_FloatToStr_fnum
0x0088	0xF03FC001  	MOVFF       R1, FARG_FloatToStr_fnum+1
0x008C	0xF040C002  	MOVFF       R2, FARG_FloatToStr_fnum+2
0x0090	0xF041C003  	MOVFF       R3, FARG_FloatToStr_fnum+3
0x0094	0x0E27      	MOVLW       _txt
0x0096	0x6E42      	MOVWF       FARG_FloatToStr_str 
0x0098	0x0E00      	MOVLW       hi_addr(_txt)
0x009A	0x6E43      	MOVWF       FARG_FloatToStr_str+1 
0x009C	0xDAEB      	RCALL       _FloatToStr
;p7b.c,35 :: 		Lcd_Cmd(_LCD_CLEAR);
0x009E	0x0E01      	MOVLW       1
0x00A0	0x6E50      	MOVWF       FARG_Lcd_Cmd_out_char 
0x00A2	0xD848      	RCALL       _Lcd_Cmd
;p7b.c,36 :: 		Lcd_out(1,1,txt);
0x00A4	0x0E01      	MOVLW       1
0x00A6	0x6E3E      	MOVWF       FARG_Lcd_Out_row 
0x00A8	0x0E01      	MOVLW       1
0x00AA	0x6E3F      	MOVWF       FARG_Lcd_Out_column 
0x00AC	0x0E27      	MOVLW       _txt
0x00AE	0x6E40      	MOVWF       FARG_Lcd_Out_text 
0x00B0	0x0E00      	MOVLW       hi_addr(_txt)
0x00B2	0x6E41      	MOVWF       FARG_Lcd_Out_text+1 
0x00B4	0xDAA2      	RCALL       _Lcd_Out
;p7b.c,37 :: 		}
L_interrupt13:
;p7b.c,38 :: 		auxAnterior = aux;
0x00B6	0xF03CC035  	MOVFF       _aux, _auxAnterior
0x00BA	0xF03DC036  	MOVFF       _aux+1, _auxAnterior+1
;p7b.c,39 :: 		}
L_interrupt12:
;p7b.c,40 :: 		INTCON.TMR0IF = 0;
0x00BE	0x94F2      	BCF         INTCON, 2 
;p7b.c,41 :: 		PIR1.ADIF = 0;
0x00C0	0x9C9E      	BCF         PIR1, 6 
;p7b.c,42 :: 		}
L_end_interrupt:
L__interrupt18:
0x00C2	0xF000C018  	MOVFF       24, R0
0x00C6	0xF001C017  	MOVFF       23, R1
0x00CA	0xF00CC016  	MOVFF       22, R12
0x00CE	0xF00DC015  	MOVFF       21, R13
0x00D2	0x0011      	RETFIE      1
; end of _interrupt
_Delay_5500us:
;__Lib_Delays.c,31 :: 		void Delay_5500us() {
;__Lib_Delays.c,32 :: 		Delay_us(5500);
0x00D4	0x0E0F      	MOVLW       15
0x00D6	0x6E0C      	MOVWF       R12, 0
0x00D8	0x0E47      	MOVLW       71
0x00DA	0x6E0D      	MOVWF       R13, 0
L_Delay_5500us5:
0x00DC	0x2E0D      	DECFSZ      R13, 1, 0
0x00DE	0xD7FE      	BRA         L_Delay_5500us5
0x00E0	0x2E0C      	DECFSZ      R12, 1, 0
0x00E2	0xD7FC      	BRA         L_Delay_5500us5
0x00E4	0x0000      	NOP
0x00E6	0x0000      	NOP
;__Lib_Delays.c,33 :: 		}
L_end_Delay_5500us:
0x00E8	0x0012      	RETURN      0
; end of _Delay_5500us
_Delay_1us:
;__Lib_Delays.c,7 :: 		void Delay_1us() {
;__Lib_Delays.c,8 :: 		Delay_us(1);
0x00EA	0x0000      	NOP
0x00EC	0x0000      	NOP
;__Lib_Delays.c,9 :: 		}
L_end_Delay_1us:
0x00EE	0x0012      	RETURN      0
; end of _Delay_1us
_Delay_50us:
;__Lib_Delays.c,19 :: 		void Delay_50us() {
;__Lib_Delays.c,20 :: 		Delay_us(50);
0x00F0	0x0E21      	MOVLW       33
0x00F2	0x6E0D      	MOVWF       R13, 0
L_Delay_50us2:
0x00F4	0x2E0D      	DECFSZ      R13, 1, 0
0x00F6	0xD7FE      	BRA         L_Delay_50us2
;__Lib_Delays.c,21 :: 		}
L_end_Delay_50us:
0x00F8	0x0012      	RETURN      0
; end of _Delay_50us
_SETFOV32:
;__Lib_MathDouble.c,82 :: 		
;__Lib_MathDouble.c,90 :: 		
0x00FA	0x820B      	BSF         R11, 1, 0
;__Lib_MathDouble.c,91 :: 		
0x00FC	0xAE0B      	BTFSS       R11, 7, 0
;__Lib_MathDouble.c,92 :: 		
0x00FE	0xF000EF87  	GOTO        SETFOV32EEE
;__Lib_MathDouble.c,94 :: 		
0x0102	0x6803      	SETF        R3, 0
;__Lib_MathDouble.c,95 :: 		
0x0104	0x6802      	SETF        R2, 0
;__Lib_MathDouble.c,96 :: 		
0x0106	0x6801      	SETF        R1, 0
;__Lib_MathDouble.c,97 :: 		
0x0108	0x6800      	SETF        R0, 0
;__Lib_MathDouble.c,98 :: 		
0x010A	0x360A      	RLCF        R10, 1, 0
;__Lib_MathDouble.c,99 :: 		
0x010C	0x3202      	RRCF        R2, 1, 0
;__Lib_MathDouble.c,100 :: 		
SETFOV32EEE:
;__Lib_MathDouble.c,101 :: 		
0x010E	0x0EFF      	MOVLW       255
;__Lib_MathDouble.c,103 :: 		
L_end_SETFOV32:
0x0110	0x0012      	RETURN      0
; end of _SETFOV32
_SETFUN32:
;__Lib_MathDouble.c,144 :: 		
;__Lib_MathDouble.c,152 :: 		
0x0112	0x840B      	BSF         R11, 2, 0
;__Lib_MathDouble.c,153 :: 		
0x0114	0xAE0B      	BTFSS       R11, 7, 0
;__Lib_MathDouble.c,154 :: 		
0x0116	0xF000EF94  	GOTO        SETFUN32EEE
;__Lib_MathDouble.c,156 :: 		
0x011A	0x0E01      	MOVLW       1
;__Lib_MathDouble.c,157 :: 		
0x011C	0x6E03      	MOVWF       R3, 0
;__Lib_MathDouble.c,158 :: 		
0x011E	0x6A02      	CLRF        R2, 0
;__Lib_MathDouble.c,159 :: 		
0x0120	0x6A01      	CLRF        R1, 0
;__Lib_MathDouble.c,160 :: 		
0x0122	0x6A00      	CLRF        R0, 0
;__Lib_MathDouble.c,161 :: 		
0x0124	0x360A      	RLCF        R10, 1, 0
;__Lib_MathDouble.c,162 :: 		
0x0126	0x3202      	RRCF        R2, 1, 0
;__Lib_MathDouble.c,163 :: 		
SETFUN32EEE:
;__Lib_MathDouble.c,164 :: 		
0x0128	0x0EFF      	MOVLW       255
;__Lib_MathDouble.c,166 :: 		
L_end_SETFUN32:
0x012A	0x0012      	RETURN      0
; end of _SETFUN32
_FIXSIGN32:
;__Lib_MathDouble.c,117 :: 		
;__Lib_MathDouble.c,121 :: 		
0x012C	0xAE0A      	BTFSS       R10, 7, 0
;__Lib_MathDouble.c,122 :: 		
0x012E	0x9E02      	BCF         R2, 7, 0
;__Lib_MathDouble.c,123 :: 		
0x0130	0x0E00      	MOVLW       0
;__Lib_MathDouble.c,125 :: 		
L_end_FIXSIGN32:
0x0132	0x0012      	RETURN      0
; end of _FIXSIGN32
_Lcd_Cmd:
;__Lib_Lcd.c,18 :: 		
;__Lib_Lcd.c,20 :: 		
0x0134	0xBE50      	BTFSC       FARG_Lcd_Cmd_out_char, 7 
0x0136	0xD002      	BRA         L__Lcd_Cmd21
0x0138	0x9E83      	BCF         LCD_D7, BitPos(LCD_D7+0) 
0x013A	0xD001      	BRA         L__Lcd_Cmd22
L__Lcd_Cmd21:
0x013C	0x8E83      	BSF         LCD_D7, BitPos(LCD_D7+0) 
L__Lcd_Cmd22:
;__Lib_Lcd.c,21 :: 		
0x013E	0xBC50      	BTFSC       FARG_Lcd_Cmd_out_char, 6 
0x0140	0xD002      	BRA         L__Lcd_Cmd23
0x0142	0x9C83      	BCF         LCD_D6, BitPos(LCD_D6+0) 
0x0144	0xD001      	BRA         L__Lcd_Cmd24
L__Lcd_Cmd23:
0x0146	0x8C83      	BSF         LCD_D6, BitPos(LCD_D6+0) 
L__Lcd_Cmd24:
;__Lib_Lcd.c,22 :: 		
0x0148	0xBA50      	BTFSC       FARG_Lcd_Cmd_out_char, 5 
0x014A	0xD002      	BRA         L__Lcd_Cmd25
0x014C	0x9A83      	BCF         LCD_D5, BitPos(LCD_D5+0) 
0x014E	0xD001      	BRA         L__Lcd_Cmd26
L__Lcd_Cmd25:
0x0150	0x8A83      	BSF         LCD_D5, BitPos(LCD_D5+0) 
L__Lcd_Cmd26:
;__Lib_Lcd.c,23 :: 		
0x0152	0xB850      	BTFSC       FARG_Lcd_Cmd_out_char, 4 
0x0154	0xD002      	BRA         L__Lcd_Cmd27
0x0156	0x9883      	BCF         LCD_D4, BitPos(LCD_D4+0) 
0x0158	0xD001      	BRA         L__Lcd_Cmd28
L__Lcd_Cmd27:
0x015A	0x8883      	BSF         LCD_D4, BitPos(LCD_D4+0) 
L__Lcd_Cmd28:
;__Lib_Lcd.c,25 :: 		
0x015C	0xB037      	BTFSC       __Lib_Lcd_cmd_status, BitPos(__Lib_Lcd_cmd_status+0) 
0x015E	0xD002      	BRA         L__Lcd_Cmd29
0x0160	0x8483      	BSF         LCD_RS, BitPos(LCD_RS+0) 
0x0162	0xD001      	BRA         L__Lcd_Cmd30
L__Lcd_Cmd29:
0x0164	0x9483      	BCF         LCD_RS, BitPos(LCD_RS+0) 
L__Lcd_Cmd30:
;__Lib_Lcd.c,28 :: 		
0x0166	0x8683      	BSF         LCD_EN, BitPos(LCD_EN+0) 
;__Lib_Lcd.c,29 :: 		
0x0168	0xDFC0      	RCALL       _Delay_1us
;__Lib_Lcd.c,30 :: 		
0x016A	0x9683      	BCF         LCD_EN, BitPos(LCD_EN+0) 
;__Lib_Lcd.c,33 :: 		
0x016C	0xB650      	BTFSC       FARG_Lcd_Cmd_out_char, 3 
0x016E	0xD002      	BRA         L__Lcd_Cmd31
0x0170	0x9E83      	BCF         LCD_D7, BitPos(LCD_D7+0) 
0x0172	0xD001      	BRA         L__Lcd_Cmd32
L__Lcd_Cmd31:
0x0174	0x8E83      	BSF         LCD_D7, BitPos(LCD_D7+0) 
L__Lcd_Cmd32:
;__Lib_Lcd.c,34 :: 		
0x0176	0xB450      	BTFSC       FARG_Lcd_Cmd_out_char, 2 
0x0178	0xD002      	BRA         L__Lcd_Cmd33
0x017A	0x9C83      	BCF         LCD_D6, BitPos(LCD_D6+0) 
0x017C	0xD001      	BRA         L__Lcd_Cmd34
L__Lcd_Cmd33:
0x017E	0x8C83      	BSF         LCD_D6, BitPos(LCD_D6+0) 
L__Lcd_Cmd34:
;__Lib_Lcd.c,35 :: 		
0x0180	0xB250      	BTFSC       FARG_Lcd_Cmd_out_char, 1 
0x0182	0xD002      	BRA         L__Lcd_Cmd35
0x0184	0x9A83      	BCF         LCD_D5, BitPos(LCD_D5+0) 
0x0186	0xD001      	BRA         L__Lcd_Cmd36
L__Lcd_Cmd35:
0x0188	0x8A83      	BSF         LCD_D5, BitPos(LCD_D5+0) 
L__Lcd_Cmd36:
;__Lib_Lcd.c,36 :: 		
0x018A	0xB050      	BTFSC       FARG_Lcd_Cmd_out_char, 0 
0x018C	0xD002      	BRA         L__Lcd_Cmd37
0x018E	0x9883      	BCF         LCD_D4, BitPos(LCD_D4+0) 
0x0190	0xD001      	BRA         L__Lcd_Cmd38
L__Lcd_Cmd37:
0x0192	0x8883      	BSF         LCD_D4, BitPos(LCD_D4+0) 
L__Lcd_Cmd38:
;__Lib_Lcd.c,38 :: 		
0x0194	0xB037      	BTFSC       __Lib_Lcd_cmd_status, BitPos(__Lib_Lcd_cmd_status+0) 
0x0196	0xD002      	BRA         L__Lcd_Cmd39
0x0198	0x8483      	BSF         LCD_RS, BitPos(LCD_RS+0) 
0x019A	0xD001      	BRA         L__Lcd_Cmd40
L__Lcd_Cmd39:
0x019C	0x9483      	BCF         LCD_RS, BitPos(LCD_RS+0) 
L__Lcd_Cmd40:
;__Lib_Lcd.c,40 :: 		
0x019E	0x8683      	BSF         LCD_EN, BitPos(LCD_EN+0) 
;__Lib_Lcd.c,41 :: 		
0x01A0	0xDFA4      	RCALL       _Delay_1us
;__Lib_Lcd.c,42 :: 		
0x01A2	0x9683      	BCF         LCD_EN, BitPos(LCD_EN+0) 
;__Lib_Lcd.c,44 :: 		
0x01A4	0xA037      	BTFSS       __Lib_Lcd_cmd_status, BitPos(__Lib_Lcd_cmd_status+0) 
0x01A6	0xD002      	BRA         L_Lcd_Cmd0
;__Lib_Lcd.c,45 :: 		
0x01A8	0xDF95      	RCALL       _Delay_5500us
0x01AA	0xD001      	BRA         L_Lcd_Cmd1
L_Lcd_Cmd0:
;__Lib_Lcd.c,47 :: 		
0x01AC	0xDFA1      	RCALL       _Delay_50us
L_Lcd_Cmd1:
;__Lib_Lcd.c,48 :: 		
L_end_Lcd_Cmd:
0x01AE	0x0012      	RETURN      0
; end of _Lcd_Cmd
_RES032:
;__Lib_MathDouble.c,128 :: 		
;__Lib_MathDouble.c,134 :: 		
0x01B0	0x6A02      	CLRF        R2, 0
;__Lib_MathDouble.c,135 :: 		
0x01B2	0x6A01      	CLRF        R1, 0
;__Lib_MathDouble.c,136 :: 		
0x01B4	0x6A00      	CLRF        R0, 0
;__Lib_MathDouble.c,137 :: 		
0x01B6	0x6A08      	CLRF        R8, 0
;__Lib_MathDouble.c,138 :: 		
0x01B8	0x6A03      	CLRF        R3, 0
;__Lib_MathDouble.c,139 :: 		
0x01BA	0x0E00      	MOVLW       0
;__Lib_MathDouble.c,141 :: 		
L_end_RES032:
0x01BC	0x0012      	RETURN      0
; end of _RES032
_Compare_Double:
;__Lib_MathDouble.c,2518 :: 		
;__Lib_MathDouble.c,2529 :: 		
0x01BE	0x6A0A      	CLRF        R10, 0
;__Lib_MathDouble.c,2530 :: 		
0x01C0	0x5003      	MOVF        R3, 0, 0
;__Lib_MathDouble.c,2531 :: 		
0x01C2	0xA4D8      	BTFSS       STATUS, 2, 0
;__Lib_MathDouble.c,2532 :: 		
0x01C4	0x800A      	BSF         R10, 0, 0
;__Lib_MathDouble.c,2533 :: 		
0x01C6	0x5007      	MOVF        R7, 0, 0
;__Lib_MathDouble.c,2534 :: 		
0x01C8	0xA4D8      	BTFSS       STATUS, 2, 0
;__Lib_MathDouble.c,2535 :: 		
0x01CA	0x820A      	BSF         R10, 1, 0
;__Lib_MathDouble.c,2537 :: 		
0x01CC	0x500A      	MOVF        R10, 0, 0
;__Lib_MathDouble.c,2538 :: 		
0x01CE	0xB4D8      	BTFSC       STATUS, 2, 0
;__Lib_MathDouble.c,2539 :: 		
0x01D0	0xF001EF42  	GOTO        COMPARE_EQU
;__Lib_MathDouble.c,2540 :: 		
0x01D4	0x0A03      	XORLW       3
;__Lib_MathDouble.c,2541 :: 		
0x01D6	0xB4D8      	BTFSC       STATUS, 2, 0
;__Lib_MathDouble.c,2542 :: 		
0x01D8	0xF000EFFB  	GOTO        COMPARE_NOTZERO
;__Lib_MathDouble.c,2544 :: 		
0x01DC	0xB00A      	BTFSC       R10, 0, 0
;__Lib_MathDouble.c,2545 :: 		
0x01DE	0xF000EFF6  	GOTO        COMPARE_XNOTZERO
;__Lib_MathDouble.c,2547 :: 		
0x01E2	0xAE06      	BTFSS       R6, 7, 0
;__Lib_MathDouble.c,2548 :: 		
0x01E4	0xF001EF40  	GOTO        COMPARE_LT
;__Lib_MathDouble.c,2549 :: 		
0x01E8	0xF001EF3E  	GOTO        COMPARE_GT
;__Lib_MathDouble.c,2550 :: 		
COMPARE_XNOTZERO:
;__Lib_MathDouble.c,2551 :: 		
0x01EC	0xAE02      	BTFSS       R2, 7, 0
;__Lib_MathDouble.c,2552 :: 		
0x01EE	0xF001EF3E  	GOTO        COMPARE_GT
;__Lib_MathDouble.c,2553 :: 		
0x01F2	0xF001EF40  	GOTO        COMPARE_LT
;__Lib_MathDouble.c,2555 :: 		
COMPARE_NOTZERO:
;__Lib_MathDouble.c,2556 :: 		
0x01F6	0x5002      	MOVF        R2, 0, 0
;__Lib_MathDouble.c,2557 :: 		
0x01F8	0x0B80      	ANDLW       128
;__Lib_MathDouble.c,2558 :: 		
0x01FA	0x6E0A      	MOVWF       R10, 0
;__Lib_MathDouble.c,2559 :: 		
0x01FC	0x9E02      	BCF         R2, 7, 0
;__Lib_MathDouble.c,2561 :: 		
0x01FE	0x5006      	MOVF        R6, 0, 0
;__Lib_MathDouble.c,2562 :: 		
0x0200	0x0B80      	ANDLW       128
;__Lib_MathDouble.c,2563 :: 		
0x0202	0x9E06      	BCF         R6, 7, 0
;__Lib_MathDouble.c,2565 :: 		
0x0204	0x180A      	XORWF       R10, 0, 0
;__Lib_MathDouble.c,2566 :: 		
0x0206	0xB4D8      	BTFSC       STATUS, 2, 0
;__Lib_MathDouble.c,2567 :: 		
0x0208	0xF001EF0C  	GOTO        COMPARE_TESTALL
;__Lib_MathDouble.c,2569 :: 		
0x020C	0x500A      	MOVF        R10, 0, 0
;__Lib_MathDouble.c,2570 :: 		
0x020E	0xB4D8      	BTFSC       STATUS, 2, 0
;__Lib_MathDouble.c,2571 :: 		
0x0210	0xF001EF3E  	GOTO        COMPARE_GT
;__Lib_MathDouble.c,2572 :: 		
0x0214	0xF001EF40  	GOTO        COMPARE_LT
;__Lib_MathDouble.c,2574 :: 		
COMPARE_TESTALL:
;__Lib_MathDouble.c,2575 :: 		
0x0218	0x5007      	MOVF        R7, 0, 0
;__Lib_MathDouble.c,2576 :: 		
0x021A	0x5C03      	SUBWF       R3, 0, 0
;__Lib_MathDouble.c,2577 :: 		
0x021C	0xB4D8      	BTFSC       STATUS, 2, 0
;__Lib_MathDouble.c,2578 :: 		
0x021E	0xF001EF16  	GOTO        COMPARE_C1
;__Lib_MathDouble.c,2579 :: 		
0x0222	0xA0D8      	BTFSS       STATUS, 0, 0
;__Lib_MathDouble.c,2580 :: 		
0x0224	0xF001EF32  	GOTO        GT_FALSE
;__Lib_MathDouble.c,2581 :: 		
0x0228	0xF001EF38  	GOTO        GT_TRUE
;__Lib_MathDouble.c,2582 :: 		
COMPARE_C1:
;__Lib_MathDouble.c,2583 :: 		
0x022C	0x5006      	MOVF        R6, 0, 0
;__Lib_MathDouble.c,2584 :: 		
0x022E	0x5C02      	SUBWF       R2, 0, 0
;__Lib_MathDouble.c,2585 :: 		
0x0230	0xB4D8      	BTFSC       STATUS, 2, 0
;__Lib_MathDouble.c,2586 :: 		
0x0232	0xF001EF20  	GOTO        COMPARE_C2
;__Lib_MathDouble.c,2587 :: 		
0x0236	0xA0D8      	BTFSS       STATUS, 0, 0
;__Lib_MathDouble.c,2588 :: 		
0x0238	0xF001EF32  	GOTO        GT_FALSE
;__Lib_MathDouble.c,2589 :: 		
0x023C	0xF001EF38  	GOTO        GT_TRUE
;__Lib_MathDouble.c,2590 :: 		
COMPARE_C2:
;__Lib_MathDouble.c,2591 :: 		
0x0240	0x5005      	MOVF        R5, 0, 0
;__Lib_MathDouble.c,2592 :: 		
0x0242	0x5C01      	SUBWF       R1, 0, 0
;__Lib_MathDouble.c,2593 :: 		
0x0244	0xB4D8      	BTFSC       STATUS, 2, 0
;__Lib_MathDouble.c,2594 :: 		
0x0246	0xF001EF2A  	GOTO        COMPARE_C3
;__Lib_MathDouble.c,2595 :: 		
0x024A	0xA0D8      	BTFSS       STATUS, 0, 0
;__Lib_MathDouble.c,2596 :: 		
0x024C	0xF001EF32  	GOTO        GT_FALSE
;__Lib_MathDouble.c,2597 :: 		
0x0250	0xF001EF38  	GOTO        GT_TRUE
;__Lib_MathDouble.c,2598 :: 		
COMPARE_C3:
;__Lib_MathDouble.c,2599 :: 		
0x0254	0x5004      	MOVF        R4, 0, 0
;__Lib_MathDouble.c,2600 :: 		
0x0256	0x5C00      	SUBWF       R0, 0, 0
;__Lib_MathDouble.c,2601 :: 		
0x0258	0xB4D8      	BTFSC       STATUS, 2, 0
;__Lib_MathDouble.c,2602 :: 		
0x025A	0xF001EF42  	GOTO        COMPARE_EQU
;__Lib_MathDouble.c,2603 :: 		
0x025E	0xB0D8      	BTFSC       STATUS, 0, 0
;__Lib_MathDouble.c,2604 :: 		
0x0260	0xF001EF38  	GOTO        GT_TRUE
;__Lib_MathDouble.c,2606 :: 		
GT_FALSE:
;__Lib_MathDouble.c,2607 :: 		
0x0264	0x520A      	MOVF        R10, 1, 0
;__Lib_MathDouble.c,2608 :: 		
0x0266	0xB4D8      	BTFSC       STATUS, 2, 0
;__Lib_MathDouble.c,2609 :: 		
0x0268	0xF001EF40  	GOTO        COMPARE_LT
;__Lib_MathDouble.c,2610 :: 		
0x026C	0xF001EF3E  	GOTO        COMPARE_GT
;__Lib_MathDouble.c,2611 :: 		
GT_TRUE:
;__Lib_MathDouble.c,2612 :: 		
0x0270	0x520A      	MOVF        R10, 1, 0
;__Lib_MathDouble.c,2613 :: 		
0x0272	0xB4D8      	BTFSC       STATUS, 2, 0
;__Lib_MathDouble.c,2614 :: 		
0x0274	0xF001EF3E  	GOTO        COMPARE_GT
;__Lib_MathDouble.c,2615 :: 		
0x0278	0xF001EF40  	GOTO        COMPARE_LT
;__Lib_MathDouble.c,2617 :: 		
COMPARE_GT:
;__Lib_MathDouble.c,2620 :: 		
0x027C	0x80D8      	BSF         STATUS, 0, 0
;__Lib_MathDouble.c,2621 :: 		
0x027E	0x0012      	RETURN      0
;__Lib_MathDouble.c,2622 :: 		
COMPARE_LT:
;__Lib_MathDouble.c,2625 :: 		
0x0280	0x90D8      	BCF         STATUS, 0, 0
;__Lib_MathDouble.c,2626 :: 		
0x0282	0x0012      	RETURN      0
;__Lib_MathDouble.c,2627 :: 		
COMPARE_EQU:
;__Lib_MathDouble.c,2630 :: 		
0x0284	0x80D8      	BSF         STATUS, 0, 0
;__Lib_MathDouble.c,2631 :: 		
0x0286	0x84D8      	BSF         STATUS, 2, 0
;__Lib_MathDouble.c,2632 :: 		
0x0288	0x0012      	RETURN      0
;__Lib_MathDouble.c,2634 :: 		
L_end_Compare_Double:
0x028A	0x0012      	RETURN      0
; end of _Compare_Double
_Mul_32x32_FP:
;__Lib_MathDouble.c,1130 :: 		
;__Lib_MathDouble.c,1148 :: 		
0x028C	0x6A08      	CLRF        R8, 0
;__Lib_MathDouble.c,1149 :: 		
0x028E	0x6A09      	CLRF        R9, 0
;__Lib_MathDouble.c,1151 :: 		
0x0290	0x0E00      	MOVLW       0
;__Lib_MathDouble.c,1152 :: 		
0x0292	0x6207      	CPFSEQ      R7, 0
;__Lib_MathDouble.c,1153 :: 		
0x0294	0x6403      	CPFSGT      R3, 0
;__Lib_MathDouble.c,1154 :: 		
0x0296	0xF001EFCB  	GOTO        MULJPRES032
;__Lib_MathDouble.c,1157 :: 		
0x029A	0x5002      	MOVF        R2, 0, 0
;__Lib_MathDouble.c,1158 :: 		
0x029C	0x1806      	XORWF       R6, 0, 0
;__Lib_MathDouble.c,1159 :: 		
0x029E	0x6E0A      	MOVWF       R10, 0
;__Lib_MathDouble.c,1161 :: 		
0x02A0	0x5007      	MOVF        R7, 0, 0
;__Lib_MathDouble.c,1162 :: 		
0x02A2	0x2603      	ADDWF       R3, 1, 0
;__Lib_MathDouble.c,1163 :: 		
0x02A4	0x0E7E      	MOVLW       126
;__Lib_MathDouble.c,1164 :: 		
0x02A6	0xA0D8      	BTFSS       STATUS, 0, 0
;__Lib_MathDouble.c,1165 :: 		
0x02A8	0xF001EF5C  	GOTO        MTUN32
;__Lib_MathDouble.c,1167 :: 		
0x02AC	0x5E03      	SUBWF       R3, 1, 0
;__Lib_MathDouble.c,1168 :: 		
0x02AE	0xB0D8      	BTFSC       STATUS, 0, 0
;__Lib_MathDouble.c,1169 :: 		
0x02B0	0xF001EFCF  	GOTO        MULJPSETFOV32
;__Lib_MathDouble.c,1170 :: 		
0x02B4	0xF001EF60  	GOTO        MOK32
;__Lib_MathDouble.c,1172 :: 		
MTUN32:
;__Lib_MathDouble.c,1173 :: 		
0x02B8	0x5E03      	SUBWF       R3, 1, 0
;__Lib_MathDouble.c,1174 :: 		
0x02BA	0xA0D8      	BTFSS       STATUS, 0, 0
;__Lib_MathDouble.c,1175 :: 		
0x02BC	0xF001EFD3  	GOTO        MULJPSETFUN32
;__Lib_MathDouble.c,1177 :: 		
MOK32:
;__Lib_MathDouble.c,1178 :: 		
0x02C0	0x8E02      	BSF         R2, 7, 0
;__Lib_MathDouble.c,1179 :: 		
0x02C2	0x8E06      	BSF         R6, 7, 0
;__Lib_MathDouble.c,1181 :: 		
0x02C4	0xF00EC002  	MOVFF       R2, R14
;__Lib_MathDouble.c,1182 :: 		
0x02C8	0xF00BC001  	MOVFF       R1, R11
;__Lib_MathDouble.c,1183 :: 		
0x02CC	0xF00DC000  	MOVFF       R0, R13
;__Lib_MathDouble.c,1185 :: 		
0x02D0	0x5000      	MOVF        R0, 0, 0
;__Lib_MathDouble.c,1186 :: 		
0x02D2	0x0204      	MULWF       R4, 0
;__Lib_MathDouble.c,1187 :: 		
0x02D4	0xF00CCFF4  	MOVFF       PRODH, R12
;__Lib_MathDouble.c,1189 :: 		
0x02D8	0x5001      	MOVF        R1, 0, 0
;__Lib_MathDouble.c,1190 :: 		
0x02DA	0x0205      	MULWF       R5, 0
;__Lib_MathDouble.c,1191 :: 		
0x02DC	0xF000CFF4  	MOVFF       PRODH, R0
;__Lib_MathDouble.c,1192 :: 		
0x02E0	0xF008CFF3  	MOVFF       PRODL, R8
;__Lib_MathDouble.c,1194 :: 		
0x02E4	0x0204      	MULWF       R4, 0
;__Lib_MathDouble.c,1195 :: 		
0x02E6	0x50F3      	MOVF        PRODL, 0, 0
;__Lib_MathDouble.c,1196 :: 		
0x02E8	0x260C      	ADDWF       R12, 1, 0
;__Lib_MathDouble.c,1197 :: 		
0x02EA	0x50F4      	MOVF        PRODH, 0, 0
;__Lib_MathDouble.c,1198 :: 		
0x02EC	0x2208      	ADDWFC      R8, 1, 0
;__Lib_MathDouble.c,1199 :: 		
0x02EE	0x0E00      	MOVLW       0
;__Lib_MathDouble.c,1200 :: 		
0x02F0	0x2200      	ADDWFC      R0, 1, 0
;__Lib_MathDouble.c,1202 :: 		
0x02F2	0x500D      	MOVF        R13, 0, 0
;__Lib_MathDouble.c,1203 :: 		
0x02F4	0x0205      	MULWF       R5, 0
;__Lib_MathDouble.c,1204 :: 		
0x02F6	0x50F3      	MOVF        PRODL, 0, 0
;__Lib_MathDouble.c,1205 :: 		
0x02F8	0x260C      	ADDWF       R12, 1, 0
;__Lib_MathDouble.c,1206 :: 		
0x02FA	0x50F4      	MOVF        PRODH, 0, 0
;__Lib_MathDouble.c,1207 :: 		
0x02FC	0x2208      	ADDWFC      R8, 1, 0
;__Lib_MathDouble.c,1208 :: 		
0x02FE	0x0E00      	MOVLW       0
;__Lib_MathDouble.c,1209 :: 		
0x0300	0x2200      	ADDWFC      R0, 1, 0
;__Lib_MathDouble.c,1211 :: 		
0x0302	0x5002      	MOVF        R2, 0, 0
;__Lib_MathDouble.c,1212 :: 		
0x0304	0x0204      	MULWF       R4, 0
;__Lib_MathDouble.c,1213 :: 		
0x0306	0x50F3      	MOVF        PRODL, 0, 0
;__Lib_MathDouble.c,1214 :: 		
0x0308	0x2608      	ADDWF       R8, 1, 0
;__Lib_MathDouble.c,1215 :: 		
0x030A	0x50F4      	MOVF        PRODH, 0, 0
;__Lib_MathDouble.c,1216 :: 		
0x030C	0x2200      	ADDWFC      R0, 1, 0
;__Lib_MathDouble.c,1217 :: 		
0x030E	0x5002      	MOVF        R2, 0, 0
;__Lib_MathDouble.c,1218 :: 		
0x0310	0x0205      	MULWF       R5, 0
;__Lib_MathDouble.c,1219 :: 		
0x0312	0x6A01      	CLRF        R1, 0
;__Lib_MathDouble.c,1220 :: 		
0x0314	0x0E00      	MOVLW       0
;__Lib_MathDouble.c,1221 :: 		
0x0316	0x2201      	ADDWFC      R1, 1, 0
;__Lib_MathDouble.c,1222 :: 		
0x0318	0x50F3      	MOVF        PRODL, 0, 0
;__Lib_MathDouble.c,1223 :: 		
0x031A	0x2600      	ADDWF       R0, 1, 0
;__Lib_MathDouble.c,1224 :: 		
0x031C	0x50F4      	MOVF        PRODH, 0, 0
;__Lib_MathDouble.c,1225 :: 		
0x031E	0x2201      	ADDWFC      R1, 1, 0
;__Lib_MathDouble.c,1227 :: 		
0x0320	0x500D      	MOVF        R13, 0, 0
;__Lib_MathDouble.c,1228 :: 		
0x0322	0x0206      	MULWF       R6, 0
;__Lib_MathDouble.c,1229 :: 		
0x0324	0x50F3      	MOVF        PRODL, 0, 0
;__Lib_MathDouble.c,1230 :: 		
0x0326	0x2608      	ADDWF       R8, 1, 0
;__Lib_MathDouble.c,1231 :: 		
0x0328	0x50F4      	MOVF        PRODH, 0, 0
;__Lib_MathDouble.c,1232 :: 		
0x032A	0x2200      	ADDWFC      R0, 1, 0
;__Lib_MathDouble.c,1233 :: 		
0x032C	0x6A02      	CLRF        R2, 0
;__Lib_MathDouble.c,1234 :: 		
0x032E	0x0E00      	MOVLW       0
;__Lib_MathDouble.c,1235 :: 		
0x0330	0x2201      	ADDWFC      R1, 1, 0
;__Lib_MathDouble.c,1236 :: 		
0x0332	0x2202      	ADDWFC      R2, 1, 0
;__Lib_MathDouble.c,1238 :: 		
0x0334	0x500B      	MOVF        R11, 0, 0
;__Lib_MathDouble.c,1239 :: 		
0x0336	0x0206      	MULWF       R6, 0
;__Lib_MathDouble.c,1240 :: 		
0x0338	0x50F3      	MOVF        PRODL, 0, 0
;__Lib_MathDouble.c,1241 :: 		
0x033A	0x2600      	ADDWF       R0, 1, 0
;__Lib_MathDouble.c,1242 :: 		
0x033C	0x50F4      	MOVF        PRODH, 0, 0
;__Lib_MathDouble.c,1243 :: 		
0x033E	0x2201      	ADDWFC      R1, 1, 0
;__Lib_MathDouble.c,1244 :: 		
0x0340	0x0E00      	MOVLW       0
;__Lib_MathDouble.c,1245 :: 		
0x0342	0x2202      	ADDWFC      R2, 1, 0
;__Lib_MathDouble.c,1247 :: 		
0x0344	0x500E      	MOVF        R14, 0, 0
;__Lib_MathDouble.c,1248 :: 		
0x0346	0x0206      	MULWF       R6, 0
;__Lib_MathDouble.c,1249 :: 		
0x0348	0x50F3      	MOVF        PRODL, 0, 0
;__Lib_MathDouble.c,1250 :: 		
0x034A	0x2601      	ADDWF       R1, 1, 0
;__Lib_MathDouble.c,1251 :: 		
0x034C	0x50F4      	MOVF        PRODH, 0, 0
;__Lib_MathDouble.c,1252 :: 		
0x034E	0x2202      	ADDWFC      R2, 1, 0
;__Lib_MathDouble.c,1254 :: 		
0x0350	0xBE02      	BTFSC       R2, 7, 0
;__Lib_MathDouble.c,1255 :: 		
0x0352	0xF001EFB3  	GOTO        MROUND32
;__Lib_MathDouble.c,1256 :: 		
0x0356	0x3608      	RLCF        R8, 1, 0
;__Lib_MathDouble.c,1257 :: 		
0x0358	0x3600      	RLCF        R0, 1, 0
;__Lib_MathDouble.c,1258 :: 		
0x035A	0x3601      	RLCF        R1, 1, 0
;__Lib_MathDouble.c,1259 :: 		
0x035C	0x3602      	RLCF        R2, 1, 0
;__Lib_MathDouble.c,1260 :: 		
0x035E	0x0603      	DECF        R3, 1, 0
;__Lib_MathDouble.c,1261 :: 		
0x0360	0xB4D8      	BTFSC       STATUS, 2, 0
;__Lib_MathDouble.c,1262 :: 		
0x0362	0xF001EFD3  	GOTO        MULJPSETFUN32
;__Lib_MathDouble.c,1264 :: 		
MROUND32:
;__Lib_MathDouble.c,1267 :: 		
0x0366	0xF001EFC6  	GOTO        MUL32OK
;__Lib_MathDouble.c,1268 :: 		
0x036A	0x80D8      	BSF         STATUS, 0, 0
;__Lib_MathDouble.c,1269 :: 		
0x036C	0x0E80      	MOVLW       128
;__Lib_MathDouble.c,1270 :: 		
0x036E	0x6408      	CPFSGT      R8, 0
;__Lib_MathDouble.c,1271 :: 		
0x0370	0x3000      	RRCF        R0, 0, 0
;__Lib_MathDouble.c,1272 :: 		
0x0372	0x0E00      	MOVLW       0
;__Lib_MathDouble.c,1273 :: 		
0x0374	0x2200      	ADDWFC      R0, 1, 0
;__Lib_MathDouble.c,1274 :: 		
0x0376	0x2201      	ADDWFC      R1, 1, 0
;__Lib_MathDouble.c,1275 :: 		
0x0378	0x2202      	ADDWFC      R2, 1, 0
;__Lib_MathDouble.c,1277 :: 		
0x037A	0xA0D8      	BTFSS       STATUS, 0, 0
;__Lib_MathDouble.c,1278 :: 		
0x037C	0xF001EFC6  	GOTO        MUL32OK
;__Lib_MathDouble.c,1279 :: 		
0x0380	0x3202      	RRCF        R2, 1, 0
;__Lib_MathDouble.c,1280 :: 		
0x0382	0x3201      	RRCF        R1, 1, 0
;__Lib_MathDouble.c,1281 :: 		
0x0384	0x3200      	RRCF        R0, 1, 0
;__Lib_MathDouble.c,1282 :: 		
0x0386	0x4A03      	INFSNZ      R3, 1, 0
;__Lib_MathDouble.c,1283 :: 		
0x0388	0xF001EFCF  	GOTO        MULJPSETFOV32
;__Lib_MathDouble.c,1285 :: 		
MUL32OK:
;__Lib_MathDouble.c,1286 :: 		
0x038C	0xAE0A      	BTFSS       R10, 7, 0
;__Lib_MathDouble.c,1287 :: 		
0x038E	0x9E02      	BCF         R2, 7, 0
;__Lib_MathDouble.c,1289 :: 		
0x0390	0x0E00      	MOVLW       0
;__Lib_MathDouble.c,1290 :: 		
0x0392	0xF001EFD5  	GOTO        MULEEE
;__Lib_MathDouble.c,1291 :: 		
MULJPRES032:
;__Lib_MathDouble.c,1292 :: 		
0x0396	0x0E01      	MOVLW       1
;__Lib_MathDouble.c,1295 :: 		
0x0398	0xDF0B      	RCALL       _RES032
;__Lib_MathDouble.c,1297 :: 		
0x039A	0xF001EFD5  	GOTO        MULEEE
;__Lib_MathDouble.c,1298 :: 		
MULJPSETFOV32:
;__Lib_MathDouble.c,1299 :: 		
0x039E	0x0E02      	MOVLW       2
;__Lib_MathDouble.c,1302 :: 		
0x03A0	0xDEAC      	RCALL       _SETFOV32
;__Lib_MathDouble.c,1304 :: 		
0x03A2	0xF001EFD5  	GOTO        MULEEE
;__Lib_MathDouble.c,1305 :: 		
MULJPSETFUN32:
;__Lib_MathDouble.c,1306 :: 		
0x03A6	0x0E04      	MOVLW       4
;__Lib_MathDouble.c,1309 :: 		
0x03A8	0xDEB4      	RCALL       _SETFUN32
;__Lib_MathDouble.c,1311 :: 		
MULEEE:
;__Lib_MathDouble.c,1318 :: 		
L_end_Mul_32x32_FP:
0x03AA	0x0012      	RETURN      0
; end of _Mul_32x32_FP
_Lcd_Chr_CP:
;__Lib_Lcd.c,50 :: 		
;__Lib_Lcd.c,52 :: 		
0x03AC	0x9037      	BCF         __Lib_Lcd_cmd_status, BitPos(__Lib_Lcd_cmd_status+0) 
;__Lib_Lcd.c,53 :: 		
0x03AE	0xF050C04C  	MOVFF       FARG_Lcd_Chr_CP_out_char, FARG_Lcd_Cmd_out_char
0x03B2	0xDEC0      	RCALL       _Lcd_Cmd
;__Lib_Lcd.c,54 :: 		
0x03B4	0x8037      	BSF         __Lib_Lcd_cmd_status, BitPos(__Lib_Lcd_cmd_status+0) 
;__Lib_Lcd.c,55 :: 		
L_end_Lcd_Chr_CP:
0x03B6	0x0012      	RETURN      0
; end of _Lcd_Chr_CP
_Div_8X8_S:
;__Lib_Math.c,326 :: 		
;__Lib_Math.c,335 :: 		
0x03B8	0x6A0D      	CLRF        R13, 0
;__Lib_Math.c,336 :: 		
0x03BA	0x6A08      	CLRF        R8, 0
;__Lib_Math.c,337 :: 		
0x03BC	0x5000      	MOVF        R0, 0, 0
;__Lib_Math.c,338 :: 		
0x03BE	0xB4D8      	BTFSC       STATUS, 2, 0
;__Lib_Math.c,339 :: 		
0x03C0	0x0C00      	RETLW       0
;__Lib_Math.c,340 :: 		
0x03C2	0x1804      	XORWF       R4, 0, 0
;__Lib_Math.c,341 :: 		
0x03C4	0x6E0A      	MOVWF       R10, 0
;__Lib_Math.c,342 :: 		
0x03C6	0xBE0A      	BTFSC       R10, 7, 0
;__Lib_Math.c,343 :: 		
0x03C8	0x1E0D      	COMF        R13, 1, 0
;__Lib_Math.c,344 :: 		
0x03CA	0x6A0B      	CLRF        R11, 0
;__Lib_Math.c,345 :: 		
0x03CC	0xAE04      	BTFSS       R4, 7, 0
;__Lib_Math.c,346 :: 		
0x03CE	0xD002      	BRA         $+6
;__Lib_Math.c,347 :: 		
0x03D0	0x1E04      	COMF        R4, 1, 0
;__Lib_Math.c,348 :: 		
0x03D2	0x2A04      	INCF        R4, 1, 0
;__Lib_Math.c,349 :: 		
0x03D4	0xAE00      	BTFSS       R0, 7, 0
;__Lib_Math.c,350 :: 		
0x03D6	0xD002      	BRA         $+6
;__Lib_Math.c,351 :: 		
0x03D8	0x1E00      	COMF        R0, 1, 0
;__Lib_Math.c,352 :: 		
0x03DA	0x2A00      	INCF        R0, 1, 0
;__Lib_Math.c,353 :: 		
0x03DC	0x5000      	MOVF        R0, 0, 0
;__Lib_Math.c,354 :: 		
0x03DE	0x1004      	IORWF       R4, 0, 0
;__Lib_Math.c,355 :: 		
0x03E0	0x6E0A      	MOVWF       R10, 0
;__Lib_Math.c,356 :: 		
0x03E2	0xBE0A      	BTFSC       R10, 7, 0
;__Lib_Math.c,357 :: 		
0x03E4	0xD01F      	BRA         $+64
;__Lib_Math.c,358 :: 		
0x03E6	0x5004      	MOVF        R4, 0, 0
;__Lib_Math.c,359 :: 		
0x03E8	0x5E08      	SUBWF       R8, 1, 0
;__Lib_Math.c,360 :: 		
0x03EA	0x3600      	RLCF        R0, 1, 0
;__Lib_Math.c,361 :: 		
0x03EC	0x3400      	RLCF        R0, 0, 0
;__Lib_Math.c,362 :: 		
0x03EE	0x3608      	RLCF        R8, 1, 0
;__Lib_Math.c,363 :: 		
0x03F0	0x5004      	MOVF        R4, 0, 0
;__Lib_Math.c,364 :: 		
0x03F2	0x2608      	ADDWF       R8, 1, 0
;__Lib_Math.c,365 :: 		
0x03F4	0x3600      	RLCF        R0, 1, 0
;__Lib_Math.c,366 :: 		
0x03F6	0x0E06      	MOVLW       6
;__Lib_Math.c,367 :: 		
0x03F8	0x6E0C      	MOVWF       R12, 0
;__Lib_Math.c,368 :: 		
0x03FA	0x3400      	RLCF        R0, 0, 0
;__Lib_Math.c,369 :: 		
0x03FC	0x3608      	RLCF        R8, 1, 0
;__Lib_Math.c,370 :: 		
0x03FE	0x5004      	MOVF        R4, 0, 0
;__Lib_Math.c,371 :: 		
0x0400	0xB000      	BTFSC       R0, 0, 0
;__Lib_Math.c,372 :: 		
0x0402	0x5E08      	SUBWF       R8, 1, 0
;__Lib_Math.c,373 :: 		
0x0404	0xA000      	BTFSS       R0, 0, 0
;__Lib_Math.c,374 :: 		
0x0406	0x2608      	ADDWF       R8, 1, 0
;__Lib_Math.c,375 :: 		
0x0408	0x3600      	RLCF        R0, 1, 0
;__Lib_Math.c,376 :: 		
0x040A	0x2E0C      	DECFSZ      R12, 1, 0
;__Lib_Math.c,377 :: 		
0x040C	0xD7F6      	BRA         $-18
;__Lib_Math.c,378 :: 		
0x040E	0xA000      	BTFSS       R0, 0, 0
;__Lib_Math.c,379 :: 		
0x0410	0x2608      	ADDWF       R8, 1, 0
;__Lib_Math.c,380 :: 		
0x0412	0xB00B      	BTFSC       R11, 0, 0
;__Lib_Math.c,381 :: 		
0x0414	0xD015      	BRA         $+44
;__Lib_Math.c,382 :: 		
0x0416	0xAE0D      	BTFSS       R13, 7, 0
;__Lib_Math.c,383 :: 		
0x0418	0x0C00      	RETLW       0
;__Lib_Math.c,384 :: 		
0x041A	0x1E00      	COMF        R0, 1, 0
;__Lib_Math.c,385 :: 		
0x041C	0x2A00      	INCF        R0, 1, 0
;__Lib_Math.c,386 :: 		
0x041E	0x1E08      	COMF        R8, 1, 0
;__Lib_Math.c,387 :: 		
0x0420	0x2A08      	INCF        R8, 1, 0
;__Lib_Math.c,388 :: 		
0x0422	0x0C00      	RETLW       0
;__Lib_Math.c,389 :: 		
0x0424	0xAE04      	BTFSS       R4, 7, 0
;__Lib_Math.c,390 :: 		
0x0426	0xD009      	BRA         $+20
;__Lib_Math.c,391 :: 		
0x0428	0xBE00      	BTFSC       R0, 7, 0
;__Lib_Math.c,392 :: 		
0x042A	0xD004      	BRA         $+10
;__Lib_Math.c,393 :: 		
0x042C	0x5000      	MOVF        R0, 0, 0
;__Lib_Math.c,394 :: 		
0x042E	0x6E08      	MOVWF       R8, 0
;__Lib_Math.c,395 :: 		
0x0430	0x6A00      	CLRF        R0, 0
;__Lib_Math.c,396 :: 		
0x0432	0xD7F1      	BRA         $-28
;__Lib_Math.c,397 :: 		
0x0434	0x6A00      	CLRF        R0, 0
;__Lib_Math.c,398 :: 		
0x0436	0x2A00      	INCF        R0, 1, 0
;__Lib_Math.c,399 :: 		
0x0438	0x0C00      	RETLW       0
;__Lib_Math.c,400 :: 		
0x043A	0x1E00      	COMF        R0, 1, 0
;__Lib_Math.c,401 :: 		
0x043C	0x2A0B      	INCF        R11, 1, 0
;__Lib_Math.c,402 :: 		
0x043E	0xD7D3      	BRA         $-88
;__Lib_Math.c,403 :: 		
0x0440	0x2A08      	INCF        R8, 1, 0
;__Lib_Math.c,404 :: 		
0x0442	0x5004      	MOVF        R4, 0, 0
;__Lib_Math.c,405 :: 		
0x0444	0x5C08      	SUBWF       R8, 0, 0
;__Lib_Math.c,406 :: 		
0x0446	0xA4D8      	BTFSS       STATUS, 2, 0
;__Lib_Math.c,407 :: 		
0x0448	0xD7E6      	BRA         $-50
;__Lib_Math.c,408 :: 		
0x044A	0x6A08      	CLRF        R8, 0
;__Lib_Math.c,409 :: 		
0x044C	0x2A00      	INCF        R0, 1, 0
;__Lib_Math.c,410 :: 		
0x044E	0xAE00      	BTFSS       R0, 7, 0
;__Lib_Math.c,411 :: 		
0x0450	0xD7E2      	BRA         $-58
;__Lib_Math.c,412 :: 		
0x0452	0x0CFF      	RETLW       255
;__Lib_Math.c,414 :: 		
L_end_Div_8X8_S:
0x0454	0x0012      	RETURN      0
; end of _Div_8X8_S
_NRM3232:
;__Lib_MathDouble.c,455 :: 		
;__Lib_MathDouble.c,463 :: 		
0x0456	0x6A0C      	CLRF        R12, 0
;__Lib_MathDouble.c,464 :: 		
0x0458	0x6A0E      	CLRF        R14, 0
;__Lib_MathDouble.c,465 :: 		
0x045A	0x5002      	MOVF        R2, 0, 0
;__Lib_MathDouble.c,466 :: 		
0x045C	0xA4D8      	BTFSS       STATUS, 2, 0
;__Lib_MathDouble.c,467 :: 		
0x045E	0xF002EF44  	GOTO        NORM3232
;__Lib_MathDouble.c,468 :: 		
0x0462	0xF002C001  	MOVFF       R1, R2
;__Lib_MathDouble.c,469 :: 		
0x0466	0xF001C000  	MOVFF       R0, R1
;__Lib_MathDouble.c,470 :: 		
0x046A	0x6A00      	CLRF        R0, 0
;__Lib_MathDouble.c,471 :: 		
0x046C	0x860E      	BSF         R14, 3, 0
;__Lib_MathDouble.c,473 :: 		
0x046E	0x5002      	MOVF        R2, 0, 0
;__Lib_MathDouble.c,474 :: 		
0x0470	0xA4D8      	BTFSS       STATUS, 2, 0
;__Lib_MathDouble.c,475 :: 		
0x0472	0xF002EF44  	GOTO        NORM3232
;__Lib_MathDouble.c,476 :: 		
0x0476	0xF002C001  	MOVFF       R1, R2
;__Lib_MathDouble.c,477 :: 		
0x047A	0x6A01      	CLRF        R1, 0
;__Lib_MathDouble.c,478 :: 		
0x047C	0x960E      	BCF         R14, 3, 0
;__Lib_MathDouble.c,479 :: 		
0x047E	0x880E      	BSF         R14, 4, 0
;__Lib_MathDouble.c,481 :: 		
0x0480	0x5002      	MOVF        R2, 0, 0
;__Lib_MathDouble.c,482 :: 		
0x0482	0xB4D8      	BTFSC       STATUS, 2, 0
;__Lib_MathDouble.c,483 :: 		
0x0484	0xF002EF56  	GOTO        JPNRES032
;__Lib_MathDouble.c,484 :: 		
NORM3232:
;__Lib_MathDouble.c,485 :: 		
0x0488	0x500E      	MOVF        R14, 0, 0
;__Lib_MathDouble.c,486 :: 		
0x048A	0x5E03      	SUBWF       R3, 1, 0
;__Lib_MathDouble.c,487 :: 		
0x048C	0xA4D8      	BTFSS       STATUS, 2, 0
;__Lib_MathDouble.c,488 :: 		
0x048E	0xA0D8      	BTFSS       STATUS, 0, 0
;__Lib_MathDouble.c,489 :: 		
0x0490	0xF002EF5B  	GOTO        JPNSETFUN32
;__Lib_MathDouble.c,490 :: 		
0x0494	0x90D8      	BCF         STATUS, 0, 0
;__Lib_MathDouble.c,491 :: 		
NORM3232A:
;__Lib_MathDouble.c,492 :: 		
0x0496	0xBE02      	BTFSC       R2, 7, 0
;__Lib_MathDouble.c,493 :: 		
0x0498	0xF002EF60  	GOTO        JMPNFIXSIGN32
;__Lib_MathDouble.c,494 :: 		
0x049C	0x3600      	RLCF        R0, 1, 0
;__Lib_MathDouble.c,495 :: 		
0x049E	0x3601      	RLCF        R1, 1, 0
;__Lib_MathDouble.c,496 :: 		
0x04A0	0x3602      	RLCF        R2, 1, 0
;__Lib_MathDouble.c,497 :: 		
0x04A2	0x2E03      	DECFSZ      R3, 1, 0
;__Lib_MathDouble.c,498 :: 		
0x04A4	0xF002EF4B  	GOTO        NORM3232A
;__Lib_MathDouble.c,499 :: 		
0x04A8	0xF002EF5B  	GOTO        JPNSETFUN32
;__Lib_MathDouble.c,500 :: 		
JPNRES032:
;__Lib_MathDouble.c,501 :: 		
0x04AC	0x0E01      	MOVLW       1
;__Lib_MathDouble.c,502 :: 		
0x04AE	0x6E0C      	MOVWF       R12, 0
;__Lib_MathDouble.c,504 :: 		
0x04B0	0xDE7F      	RCALL       _RES032
;__Lib_MathDouble.c,506 :: 		
0x04B2	0xF002EF63  	GOTO        NORM32EEE
;__Lib_MathDouble.c,507 :: 		
JPNSETFUN32:
;__Lib_MathDouble.c,508 :: 		
0x04B6	0x0E02      	MOVLW       2
;__Lib_MathDouble.c,509 :: 		
0x04B8	0x6E0C      	MOVWF       R12, 0
;__Lib_MathDouble.c,511 :: 		
0x04BA	0xDE2B      	RCALL       _SETFUN32
;__Lib_MathDouble.c,513 :: 		
0x04BC	0xF002EF63  	GOTO        NORM32EEE
;__Lib_MathDouble.c,514 :: 		
JMPNFIXSIGN32:
;__Lib_MathDouble.c,515 :: 		
0x04C0	0x0E04      	MOVLW       4
;__Lib_MathDouble.c,516 :: 		
0x04C2	0x6E0C      	MOVWF       R12, 0
;__Lib_MathDouble.c,518 :: 		
0x04C4	0xDE33      	RCALL       _FIXSIGN32
;__Lib_MathDouble.c,520 :: 		
NORM32EEE:
;__Lib_MathDouble.c,527 :: 		
L_end_NRM3232:
0x04C6	0x0012      	RETURN      0
; end of _NRM3232
_strcpy:
;__Lib_CString.c,126 :: 		
;__Lib_CString.c,129 :: 		
0x04C8	0xF004C04C  	MOVFF       FARG_strcpy_to, R4
0x04CC	0xF005C04D  	MOVFF       FARG_strcpy_to+1, R5
;__Lib_CString.c,130 :: 		
L_strcpy34:
0x04D0	0xF002C004  	MOVFF       R4, R2
0x04D4	0xF003C005  	MOVFF       R5, R3
0x04D8	0x4A04      	INFSNZ      R4, 1 
0x04DA	0x2A05      	INCF        R5, 1 
0x04DC	0xF000C04E  	MOVFF       FARG_strcpy_from, R0
0x04E0	0xF001C04F  	MOVFF       FARG_strcpy_from+1, R1
0x04E4	0x4A4E      	INFSNZ      FARG_strcpy_from, 1 
0x04E6	0x2A4F      	INCF        FARG_strcpy_from+1, 1 
0x04E8	0xFFE9C000  	MOVFF       R0, FSR0L
0x04EC	0xFFEAC001  	MOVFF       R1, FSR0H
0x04F0	0xFFE1C002  	MOVFF       R2, FSR1L
0x04F4	0xFFE2C003  	MOVFF       R3, FSR1H
0x04F8	0xFFE6CFEE  	MOVFF       POSTINC0, POSTINC1
0x04FC	0xFFE9C002  	MOVFF       R2, FSR0L
0x0500	0xFFEAC003  	MOVFF       R3, FSR0H
0x0504	0x52EE      	MOVF        POSTINC0, 1 
0x0506	0xE001      	BZ          L_strcpy35
;__Lib_CString.c,131 :: 		
0x0508	0xD7E3      	BRA         L_strcpy34
L_strcpy35:
;__Lib_CString.c,132 :: 		
0x050A	0xF000C04C  	MOVFF       FARG_strcpy_to, R0
0x050E	0xF001C04D  	MOVFF       FARG_strcpy_to+1, R1
;__Lib_CString.c,133 :: 		
L_end_strcpy:
0x0512	0x0012      	RETURN      0
; end of _strcpy
_Lcd_Init:
;__Lib_Lcd.c,84 :: 		
;__Lib_Lcd.c,86 :: 		
0x0514	0x9695      	BCF         LCD_EN_Direction, BitPos(LCD_EN_Direction+0) 
;__Lib_Lcd.c,87 :: 		
0x0516	0x9495      	BCF         LCD_RS_Direction, BitPos(LCD_RS_Direction+0) 
;__Lib_Lcd.c,88 :: 		
0x0518	0x9895      	BCF         LCD_D4_Direction, BitPos(LCD_D4_Direction+0) 
;__Lib_Lcd.c,89 :: 		
0x051A	0x9A95      	BCF         LCD_D5_Direction, BitPos(LCD_D5_Direction+0) 
;__Lib_Lcd.c,90 :: 		
0x051C	0x9C95      	BCF         LCD_D6_Direction, BitPos(LCD_D6_Direction+0) 
;__Lib_Lcd.c,91 :: 		
0x051E	0x9E95      	BCF         LCD_D7_Direction, BitPos(LCD_D7_Direction+0) 
;__Lib_Lcd.c,93 :: 		
0x0520	0x9683      	BCF         LCD_EN, BitPos(LCD_EN+0) 
;__Lib_Lcd.c,94 :: 		
0x0522	0x9483      	BCF         LCD_RS, BitPos(LCD_RS+0) 
;__Lib_Lcd.c,95 :: 		
0x0524	0x9E83      	BCF         LCD_D7, BitPos(LCD_D7+0) 
;__Lib_Lcd.c,96 :: 		
0x0526	0x9C83      	BCF         LCD_D6, BitPos(LCD_D6+0) 
;__Lib_Lcd.c,97 :: 		
0x0528	0x9A83      	BCF         LCD_D5, BitPos(LCD_D5+0) 
;__Lib_Lcd.c,98 :: 		
0x052A	0x9883      	BCF         LCD_D4, BitPos(LCD_D4+0) 
;__Lib_Lcd.c,100 :: 		
0x052C	0xDDD3      	RCALL       _Delay_5500us
;__Lib_Lcd.c,101 :: 		
0x052E	0xDDD2      	RCALL       _Delay_5500us
;__Lib_Lcd.c,102 :: 		
0x0530	0xDDD1      	RCALL       _Delay_5500us
;__Lib_Lcd.c,105 :: 		
0x0532	0x8A83      	BSF         LCD_D5, BitPos(LCD_D5+0) 
;__Lib_Lcd.c,106 :: 		
0x0534	0x8883      	BSF         LCD_D4, BitPos(LCD_D4+0) 
;__Lib_Lcd.c,107 :: 		
0x0536	0x8683      	BSF         LCD_EN, BitPos(LCD_EN+0) 
;__Lib_Lcd.c,108 :: 		
0x0538	0xDDD8      	RCALL       _Delay_1us
;__Lib_Lcd.c,109 :: 		
0x053A	0x9683      	BCF         LCD_EN, BitPos(LCD_EN+0) 
;__Lib_Lcd.c,110 :: 		
0x053C	0xDDCB      	RCALL       _Delay_5500us
;__Lib_Lcd.c,112 :: 		
0x053E	0x8683      	BSF         LCD_EN, BitPos(LCD_EN+0) 
;__Lib_Lcd.c,113 :: 		
0x0540	0xDDD4      	RCALL       _Delay_1us
;__Lib_Lcd.c,114 :: 		
0x0542	0x9683      	BCF         LCD_EN, BitPos(LCD_EN+0) 
;__Lib_Lcd.c,115 :: 		
0x0544	0xDDC7      	RCALL       _Delay_5500us
;__Lib_Lcd.c,117 :: 		
0x0546	0x8683      	BSF         LCD_EN, BitPos(LCD_EN+0) 
;__Lib_Lcd.c,118 :: 		
0x0548	0xDDD0      	RCALL       _Delay_1us
;__Lib_Lcd.c,119 :: 		
0x054A	0x9683      	BCF         LCD_EN, BitPos(LCD_EN+0) 
;__Lib_Lcd.c,120 :: 		
0x054C	0xDDC3      	RCALL       _Delay_5500us
;__Lib_Lcd.c,123 :: 		
0x054E	0x9883      	BCF         LCD_D4, BitPos(LCD_D4+0) 
;__Lib_Lcd.c,124 :: 		
0x0550	0x8683      	BSF         LCD_EN, BitPos(LCD_EN+0) 
;__Lib_Lcd.c,125 :: 		
0x0552	0xDDCB      	RCALL       _Delay_1us
;__Lib_Lcd.c,126 :: 		
0x0554	0x9683      	BCF         LCD_EN, BitPos(LCD_EN+0) 
;__Lib_Lcd.c,127 :: 		
0x0556	0xDDBE      	RCALL       _Delay_5500us
;__Lib_Lcd.c,130 :: 		
0x0558	0x8683      	BSF         LCD_EN, BitPos(LCD_EN+0) 
;__Lib_Lcd.c,131 :: 		
0x055A	0xDDC7      	RCALL       _Delay_1us
;__Lib_Lcd.c,132 :: 		
0x055C	0x9683      	BCF         LCD_EN, BitPos(LCD_EN+0) 
;__Lib_Lcd.c,134 :: 		
0x055E	0x9A83      	BCF         LCD_D5, BitPos(LCD_D5+0) 
;__Lib_Lcd.c,135 :: 		
0x0560	0x8E83      	BSF         LCD_D7, BitPos(LCD_D7+0) 
;__Lib_Lcd.c,136 :: 		
0x0562	0x8683      	BSF         LCD_EN, BitPos(LCD_EN+0) 
;__Lib_Lcd.c,137 :: 		
0x0564	0xDDC2      	RCALL       _Delay_1us
;__Lib_Lcd.c,138 :: 		
0x0566	0x9683      	BCF         LCD_EN, BitPos(LCD_EN+0) 
;__Lib_Lcd.c,139 :: 		
0x0568	0xDDB5      	RCALL       _Delay_5500us
;__Lib_Lcd.c,142 :: 		
0x056A	0x9E83      	BCF         LCD_D7, BitPos(LCD_D7+0) 
;__Lib_Lcd.c,143 :: 		
0x056C	0x8883      	BSF         LCD_D4, BitPos(LCD_D4+0) 
;__Lib_Lcd.c,144 :: 		
0x056E	0x8683      	BSF         LCD_EN, BitPos(LCD_EN+0) 
;__Lib_Lcd.c,145 :: 		
0x0570	0xDDBC      	RCALL       _Delay_1us
;__Lib_Lcd.c,146 :: 		
0x0572	0x9683      	BCF         LCD_EN, BitPos(LCD_EN+0) 
;__Lib_Lcd.c,148 :: 		
0x0574	0x9883      	BCF         LCD_D4, BitPos(LCD_D4+0) 
;__Lib_Lcd.c,149 :: 		
0x0576	0x8683      	BSF         LCD_EN, BitPos(LCD_EN+0) 
;__Lib_Lcd.c,150 :: 		
0x0578	0xDDB8      	RCALL       _Delay_1us
;__Lib_Lcd.c,151 :: 		
0x057A	0x9683      	BCF         LCD_EN, BitPos(LCD_EN+0) 
;__Lib_Lcd.c,152 :: 		
0x057C	0xDDAB      	RCALL       _Delay_5500us
;__Lib_Lcd.c,155 :: 		
0x057E	0x8683      	BSF         LCD_EN, BitPos(LCD_EN+0) 
;__Lib_Lcd.c,156 :: 		
0x0580	0xDDB4      	RCALL       _Delay_1us
;__Lib_Lcd.c,157 :: 		
0x0582	0x9683      	BCF         LCD_EN, BitPos(LCD_EN+0) 
;__Lib_Lcd.c,159 :: 		
0x0584	0x8883      	BSF         LCD_D4, BitPos(LCD_D4+0) 
;__Lib_Lcd.c,160 :: 		
0x0586	0x8683      	BSF         LCD_EN, BitPos(LCD_EN+0) 
;__Lib_Lcd.c,161 :: 		
0x0588	0xDDB0      	RCALL       _Delay_1us
;__Lib_Lcd.c,162 :: 		
0x058A	0x9683      	BCF         LCD_EN, BitPos(LCD_EN+0) 
;__Lib_Lcd.c,163 :: 		
0x058C	0xDDA3      	RCALL       _Delay_5500us
;__Lib_Lcd.c,166 :: 		
0x058E	0x9883      	BCF         LCD_D4, BitPos(LCD_D4+0) 
;__Lib_Lcd.c,167 :: 		
0x0590	0x8683      	BSF         LCD_EN, BitPos(LCD_EN+0) 
;__Lib_Lcd.c,168 :: 		
0x0592	0xDDAB      	RCALL       _Delay_1us
;__Lib_Lcd.c,169 :: 		
0x0594	0x9683      	BCF         LCD_EN, BitPos(LCD_EN+0) 
;__Lib_Lcd.c,171 :: 		
0x0596	0x8E83      	BSF         LCD_D7, BitPos(LCD_D7+0) 
;__Lib_Lcd.c,172 :: 		
0x0598	0x8C83      	BSF         LCD_D6, BitPos(LCD_D6+0) 
;__Lib_Lcd.c,173 :: 		
0x059A	0x8A83      	BSF         LCD_D5, BitPos(LCD_D5+0) 
;__Lib_Lcd.c,174 :: 		
0x059C	0x8883      	BSF         LCD_D4, BitPos(LCD_D4+0) 
;__Lib_Lcd.c,175 :: 		
0x059E	0x8683      	BSF         LCD_EN, BitPos(LCD_EN+0) 
;__Lib_Lcd.c,176 :: 		
0x05A0	0xDDA4      	RCALL       _Delay_1us
;__Lib_Lcd.c,177 :: 		
0x05A2	0x9683      	BCF         LCD_EN, BitPos(LCD_EN+0) 
;__Lib_Lcd.c,179 :: 		
0x05A4	0xDD97      	RCALL       _Delay_5500us
;__Lib_Lcd.c,181 :: 		
0x05A6	0x8037      	BSF         __Lib_Lcd_cmd_status, BitPos(__Lib_Lcd_cmd_status+0) 
;__Lib_Lcd.c,182 :: 		
L_end_Lcd_Init:
0x05A8	0x0012      	RETURN      0
; end of _Lcd_Init
___CC2DW:
;__Lib_System.c,21 :: 		
;__Lib_System.c,23 :: 		
_CC2DL_Loop1:
;__Lib_System.c,24 :: 		
0x05AA	0x0009      	TBLRD*+
;__Lib_System.c,25 :: 		
0x05AC	0xFFE6CFF5  	MOVFF       TABLAT, POSTINC1
;__Lib_System.c,26 :: 		
0x05B0	0x0600      	DECF        R0, 1, 0
;__Lib_System.c,27 :: 		
0x05B2	0xE1FB      	BNZ         _CC2DL_Loop1
;__Lib_System.c,28 :: 		
0x05B4	0x0601      	DECF        R1, 1, 0
;__Lib_System.c,29 :: 		
0x05B6	0xE1F9      	BNZ         _CC2DL_Loop1
;__Lib_System.c,31 :: 		
L_end___CC2DW:
0x05B8	0x0012      	RETURN      0
; end of ___CC2DW
_int2double:
;__Lib_MathDouble.c,2285 :: 		
;__Lib_MathDouble.c,2294 :: 		
0x05BA	0xF008C000  	MOVFF       R0, R8
;__Lib_MathDouble.c,2295 :: 		
0x05BE	0x5001      	MOVF        R1, 0, 0
;__Lib_MathDouble.c,2296 :: 		
0x05C0	0x6E00      	MOVWF       R0, 0
;__Lib_MathDouble.c,2297 :: 		
0x05C2	0x6A01      	CLRF        R1, 0
;__Lib_MathDouble.c,2298 :: 		
0x05C4	0x6A02      	CLRF        R2, 0
;__Lib_MathDouble.c,2299 :: 		
0x05C6	0x6A03      	CLRF        R3, 0
;__Lib_MathDouble.c,2302 :: 		
0x05C8	0x6A0B      	CLRF        R11, 0
;__Lib_MathDouble.c,2303 :: 		
0x05CA	0x6A0C      	CLRF        R12, 0
;__Lib_MathDouble.c,2304 :: 		
0x05CC	0x6A01      	CLRF        R1, 0
;__Lib_MathDouble.c,2305 :: 		
0x05CE	0x6A02      	CLRF        R2, 0
;__Lib_MathDouble.c,2306 :: 		
0x05D0	0x6A03      	CLRF        R3, 0
;__Lib_MathDouble.c,2308 :: 		
0x05D2	0x0E96      	MOVLW       150
;__Lib_MathDouble.c,2309 :: 		
0x05D4	0x6E03      	MOVWF       R3, 0
;__Lib_MathDouble.c,2310 :: 		
0x05D6	0x6A0A      	CLRF        R10, 0
;__Lib_MathDouble.c,2311 :: 		
0x05D8	0xAE00      	BTFSS       R0, 7, 0
;__Lib_MathDouble.c,2312 :: 		
0x05DA	0xF002EFF5  	GOTO        FLO1632EEE
;__Lib_MathDouble.c,2314 :: 		
0x05DE	0x1E08      	COMF        R8, 1, 0
;__Lib_MathDouble.c,2315 :: 		
0x05E0	0x1E00      	COMF        R0, 1, 0
;__Lib_MathDouble.c,2317 :: 		
0x05E2	0x2A08      	INCF        R8, 1, 0
;__Lib_MathDouble.c,2318 :: 		
0x05E4	0xB4D8      	BTFSC       STATUS, 2, 0
;__Lib_MathDouble.c,2319 :: 		
0x05E6	0x2A00      	INCF        R0, 1, 0
;__Lib_MathDouble.c,2321 :: 		
0x05E8	0x8E0A      	BSF         R10, 7, 0
;__Lib_MathDouble.c,2322 :: 		
FLO1632EEE:
;__Lib_MathDouble.c,2323 :: 		
0x05EA	0xF001C000  	MOVFF       R0, R1
;__Lib_MathDouble.c,2324 :: 		
0x05EE	0xF000C008  	MOVFF       R8, R0
;__Lib_MathDouble.c,2325 :: 		
0x05F2	0x6A08      	CLRF        R8, 0
;__Lib_MathDouble.c,2326 :: 		
0x05F4	0x6A02      	CLRF        R2, 0
;__Lib_MathDouble.c,2328 :: 		
0x05F6	0xDF2F      	RCALL       _NRM3232
;__Lib_MathDouble.c,2329 :: 		
L_end_int2double:
0x05F8	0x0012      	RETURN      0
; end of _int2double
_Lcd_Out:
;__Lib_Lcd.c,184 :: 		
;__Lib_Lcd.c,187 :: 		
0x05FA	0xD00F      	BRA         L_Lcd_Out11
;__Lib_Lcd.c,188 :: 		
L_Lcd_Out13:
0x05FC	0x0E80      	MOVLW       128
0x05FE	0x6E3E      	MOVWF       FARG_Lcd_Out_row 
0x0600	0xD019      	BRA         L_Lcd_Out12
;__Lib_Lcd.c,189 :: 		
L_Lcd_Out14:
0x0602	0x0EC0      	MOVLW       192
0x0604	0x6E3E      	MOVWF       FARG_Lcd_Out_row 
0x0606	0xD016      	BRA         L_Lcd_Out12
;__Lib_Lcd.c,190 :: 		
L_Lcd_Out15:
0x0608	0x0E94      	MOVLW       148
0x060A	0x6E3E      	MOVWF       FARG_Lcd_Out_row 
0x060C	0xD013      	BRA         L_Lcd_Out12
;__Lib_Lcd.c,191 :: 		
L_Lcd_Out16:
0x060E	0x0ED4      	MOVLW       212
0x0610	0x6E3E      	MOVWF       FARG_Lcd_Out_row 
0x0612	0xD010      	BRA         L_Lcd_Out12
;__Lib_Lcd.c,192 :: 		
L_Lcd_Out17:
0x0614	0x0E80      	MOVLW       128
0x0616	0x6E3E      	MOVWF       FARG_Lcd_Out_row 
;__Lib_Lcd.c,193 :: 		
0x0618	0xD00D      	BRA         L_Lcd_Out12
L_Lcd_Out11:
0x061A	0x503E      	MOVF        FARG_Lcd_Out_row, 0 
0x061C	0x0A01      	XORLW       1
0x061E	0xE0EE      	BZ          L_Lcd_Out13
0x0620	0x503E      	MOVF        FARG_Lcd_Out_row, 0 
0x0622	0x0A02      	XORLW       2
0x0624	0xE0EE      	BZ          L_Lcd_Out14
0x0626	0x503E      	MOVF        FARG_Lcd_Out_row, 0 
0x0628	0x0A03      	XORLW       3
0x062A	0xE0EE      	BZ          L_Lcd_Out15
0x062C	0x503E      	MOVF        FARG_Lcd_Out_row, 0 
0x062E	0x0A04      	XORLW       4
0x0630	0xE0EE      	BZ          L_Lcd_Out16
0x0632	0xD7F0      	BRA         L_Lcd_Out17
L_Lcd_Out12:
;__Lib_Lcd.c,194 :: 		
0x0634	0x043F      	DECF        FARG_Lcd_Out_column, 0 
0x0636	0x6E00      	MOVWF       R0 
0x0638	0x503E      	MOVF        FARG_Lcd_Out_row, 0 
0x063A	0x2600      	ADDWF       R0, 1 
0x063C	0xF03EC000  	MOVFF       R0, FARG_Lcd_Out_row
;__Lib_Lcd.c,196 :: 		
0x0640	0xF050C000  	MOVFF       R0, FARG_Lcd_Cmd_out_char
0x0644	0xDD77      	RCALL       _Lcd_Cmd
;__Lib_Lcd.c,197 :: 		
0x0646	0x9037      	BCF         __Lib_Lcd_cmd_status, BitPos(__Lib_Lcd_cmd_status+0) 
;__Lib_Lcd.c,198 :: 		
0x0648	0x6A42      	CLRF        Lcd_Out_i_L0 
;__Lib_Lcd.c,199 :: 		
L_Lcd_Out18:
0x064A	0x5042      	MOVF        Lcd_Out_i_L0, 0 
0x064C	0x2440      	ADDWF       FARG_Lcd_Out_text, 0 
0x064E	0x6EE9      	MOVWF       FSR0L 
0x0650	0x0E00      	MOVLW       0
0x0652	0x2041      	ADDWFC      FARG_Lcd_Out_text+1, 0 
0x0654	0x6EEA      	MOVWF       FSR0H 
0x0656	0x52EE      	MOVF        POSTINC0, 1 
0x0658	0xE00B      	BZ          L_Lcd_Out19
;__Lib_Lcd.c,200 :: 		
0x065A	0x5042      	MOVF        Lcd_Out_i_L0, 0 
0x065C	0x2440      	ADDWF       FARG_Lcd_Out_text, 0 
0x065E	0x6EE9      	MOVWF       FSR0L 
0x0660	0x0E00      	MOVLW       0
0x0662	0x2041      	ADDWFC      FARG_Lcd_Out_text+1, 0 
0x0664	0x6EEA      	MOVWF       FSR0H 
0x0666	0xF04CCFEE  	MOVFF       POSTINC0, FARG_Lcd_Chr_CP_out_char
0x066A	0xDEA0      	RCALL       _Lcd_Chr_CP
0x066C	0x2A42      	INCF        Lcd_Out_i_L0, 1 
0x066E	0xD7ED      	BRA         L_Lcd_Out18
L_Lcd_Out19:
;__Lib_Lcd.c,201 :: 		
0x0670	0x8037      	BSF         __Lib_Lcd_cmd_status, BitPos(__Lib_Lcd_cmd_status+0) 
;__Lib_Lcd.c,202 :: 		
L_end_Lcd_Out:
0x0672	0x0012      	RETURN      0
; end of _Lcd_Out
_FloatToStr:
;__Lib_Conversions.c,521 :: 		
;__Lib_Conversions.c,523 :: 		
0x0674	0x6A4A      	CLRF        FloatToStr_bpoint_L0 
0x0676	0x6A4B      	CLRF        FloatToStr_dexpon_L0 
;__Lib_Conversions.c,528 :: 		
0x0678	0xF046C03E  	MOVFF       FARG_FloatToStr_fnum, FloatToStr_un_L0
0x067C	0xF047C03F  	MOVFF       FARG_FloatToStr_fnum+1, FloatToStr_un_L0+1
0x0680	0xF048C040  	MOVFF       FARG_FloatToStr_fnum+2, FloatToStr_un_L0+2
0x0684	0xF049C041  	MOVFF       FARG_FloatToStr_fnum+3, FloatToStr_un_L0+3
;__Lib_Conversions.c,529 :: 		
0x0688	0x5049      	MOVF        FloatToStr_un_L0+3, 0 
0x068A	0x0AFF      	XORLW       255
0x068C	0xE108      	BNZ         L__FloatToStr197
0x068E	0x5048      	MOVF        FloatToStr_un_L0+2, 0 
0x0690	0x0AFF      	XORLW       255
0x0692	0xE105      	BNZ         L__FloatToStr197
0x0694	0x5047      	MOVF        FloatToStr_un_L0+1, 0 
0x0696	0x0AFF      	XORLW       255
0x0698	0xE102      	BNZ         L__FloatToStr197
0x069A	0x5046      	MOVF        FloatToStr_un_L0, 0 
0x069C	0x0AFF      	XORLW       255
L__FloatToStr197:
0x069E	0xE10C      	BNZ         L_FloatToStr90
;__Lib_Conversions.c,530 :: 		
0x06A0	0xF04CC042  	MOVFF       FARG_FloatToStr_str, FARG_strcpy_to
0x06A4	0xF04DC043  	MOVFF       FARG_FloatToStr_str+1, FARG_strcpy_to+1
0x06A8	0x0E19      	MOVLW       ?lstr1___Lib_Conversions
0x06AA	0x6E4E      	MOVWF       FARG_strcpy_from 
0x06AC	0x0E00      	MOVLW       hi_addr(?lstr1___Lib_Conversions)
0x06AE	0x6E4F      	MOVWF       FARG_strcpy_from+1 
0x06B0	0xDF0B      	RCALL       _strcpy
;__Lib_Conversions.c,531 :: 		
0x06B2	0x0E03      	MOVLW       3
0x06B4	0x6E00      	MOVWF       R0 
0x06B6	0xD1E9      	BRA         L_end_FloatToStr
;__Lib_Conversions.c,532 :: 		
L_FloatToStr90:
;__Lib_Conversions.c,533 :: 		
0x06B8	0x0E01      	MOVLW       1
0x06BA	0x6E44      	MOVWF       FloatToStr_i_L0 
;__Lib_Conversions.c,534 :: 		
0x06BC	0xAE48      	BTFSS       FloatToStr_un_L0+2, 7 
0x06BE	0xD00E      	BRA         L_FloatToStr91
;__Lib_Conversions.c,535 :: 		
0x06C0	0x0E80      	MOVLW       128
0x06C2	0x1848      	XORWF       FloatToStr_un_L0+2, 0 
0x06C4	0x6E00      	MOVWF       R0 
0x06C6	0xF048C000  	MOVFF       R0, FloatToStr_un_L0+2
;__Lib_Conversions.c,536 :: 		
0x06CA	0x2A44      	INCF        FloatToStr_i_L0, 1 
;__Lib_Conversions.c,537 :: 		
0x06CC	0xFFE1C042  	MOVFF       FARG_FloatToStr_str, FSR1L
0x06D0	0xFFE2C043  	MOVFF       FARG_FloatToStr_str+1, FSR1H
0x06D4	0x0E2D      	MOVLW       45
0x06D6	0x6EE6      	MOVWF       POSTINC1 
0x06D8	0x4A42      	INFSNZ      FARG_FloatToStr_str, 1 
0x06DA	0x2A43      	INCF        FARG_FloatToStr_str+1, 1 
;__Lib_Conversions.c,538 :: 		
L_FloatToStr91:
;__Lib_Conversions.c,539 :: 		
0x06DC	0x0E00      	MOVLW       0
0x06DE	0x6E00      	MOVWF       R0 
0x06E0	0x1849      	XORWF       FloatToStr_un_L0+3, 0 
0x06E2	0xE108      	BNZ         L__FloatToStr198
0x06E4	0x5000      	MOVF        R0, 0 
0x06E6	0x1848      	XORWF       FloatToStr_un_L0+2, 0 
0x06E8	0xE105      	BNZ         L__FloatToStr198
0x06EA	0x5000      	MOVF        R0, 0 
0x06EC	0x1847      	XORWF       FloatToStr_un_L0+1, 0 
0x06EE	0xE102      	BNZ         L__FloatToStr198
0x06F0	0x5046      	MOVF        FloatToStr_un_L0, 0 
0x06F2	0x0A00      	XORLW       0
L__FloatToStr198:
0x06F4	0xE10B      	BNZ         L_FloatToStr92
;__Lib_Conversions.c,540 :: 		
0x06F6	0xF04CC042  	MOVFF       FARG_FloatToStr_str, FARG_strcpy_to
0x06FA	0xF04DC043  	MOVFF       FARG_FloatToStr_str+1, FARG_strcpy_to+1
0x06FE	0x0E21      	MOVLW       ?lstr2___Lib_Conversions
0x0700	0x6E4E      	MOVWF       FARG_strcpy_from 
0x0702	0x0E00      	MOVLW       hi_addr(?lstr2___Lib_Conversions)
0x0704	0x6E4F      	MOVWF       FARG_strcpy_from+1 
0x0706	0xDEE0      	RCALL       _strcpy
;__Lib_Conversions.c,541 :: 		
0x0708	0x6A00      	CLRF        R0 
0x070A	0xD1BF      	BRA         L_end_FloatToStr
;__Lib_Conversions.c,542 :: 		
L_FloatToStr92:
;__Lib_Conversions.c,543 :: 		
0x070C	0x5049      	MOVF        FloatToStr_un_L0+3, 0 
0x070E	0x0AFF      	XORLW       255
0x0710	0xE108      	BNZ         L__FloatToStr199
0x0712	0x5048      	MOVF        FloatToStr_un_L0+2, 0 
0x0714	0x0A00      	XORLW       0
0x0716	0xE105      	BNZ         L__FloatToStr199
0x0718	0x5047      	MOVF        FloatToStr_un_L0+1, 0 
0x071A	0x0A00      	XORLW       0
0x071C	0xE102      	BNZ         L__FloatToStr199
0x071E	0x5046      	MOVF        FloatToStr_un_L0, 0 
0x0720	0x0A00      	XORLW       0
L__FloatToStr199:
0x0722	0xE10C      	BNZ         L_FloatToStr93
;__Lib_Conversions.c,544 :: 		
0x0724	0xF04CC042  	MOVFF       FARG_FloatToStr_str, FARG_strcpy_to
0x0728	0xF04DC043  	MOVFF       FARG_FloatToStr_str+1, FARG_strcpy_to+1
0x072C	0x0E1D      	MOVLW       ?lstr3___Lib_Conversions
0x072E	0x6E4E      	MOVWF       FARG_strcpy_from 
0x0730	0x0E00      	MOVLW       hi_addr(?lstr3___Lib_Conversions)
0x0732	0x6E4F      	MOVWF       FARG_strcpy_from+1 
0x0734	0xDEC9      	RCALL       _strcpy
;__Lib_Conversions.c,545 :: 		
0x0736	0xF000C044  	MOVFF       FloatToStr_i_L0, R0
0x073A	0xD1A7      	BRA         L_end_FloatToStr
;__Lib_Conversions.c,546 :: 		
L_FloatToStr93:
;__Lib_Conversions.c,554 :: 		
L_FloatToStr94:
0x073C	0x0E00      	MOVLW       0
0x073E	0x6E04      	MOVWF       R4 
0x0740	0x0E00      	MOVLW       0
0x0742	0x6E05      	MOVWF       R5 
0x0744	0x0E00      	MOVLW       0
0x0746	0x6E06      	MOVWF       R6 
0x0748	0x0E7F      	MOVLW       127
0x074A	0x6E07      	MOVWF       R7 
0x074C	0xF000C046  	MOVFF       FloatToStr_un_L0, R0
0x0750	0xF001C047  	MOVFF       FloatToStr_un_L0+1, R1
0x0754	0xF002C048  	MOVFF       FloatToStr_un_L0+2, R2
0x0758	0xF003C049  	MOVFF       FloatToStr_un_L0+3, R3
0x075C	0xDD30      	RCALL       _Compare_Double
0x075E	0x0E01      	MOVLW       1
0x0760	0xB0D8      	BTFSC       STATUS, 0 
0x0762	0x0E00      	MOVLW       0
0x0764	0x6E00      	MOVWF       R0 
0x0766	0x5200      	MOVF        R0, 1 
0x0768	0xE01B      	BZ          L_FloatToStr95
;__Lib_Conversions.c,555 :: 		
0x076A	0xF000C046  	MOVFF       FloatToStr_un_L0, R0
0x076E	0xF001C047  	MOVFF       FloatToStr_un_L0+1, R1
0x0772	0xF002C048  	MOVFF       FloatToStr_un_L0+2, R2
0x0776	0xF003C049  	MOVFF       FloatToStr_un_L0+3, R3
0x077A	0x0E00      	MOVLW       0
0x077C	0x6E04      	MOVWF       R4 
0x077E	0x0E00      	MOVLW       0
0x0780	0x6E05      	MOVWF       R5 
0x0782	0x0E20      	MOVLW       32
0x0784	0x6E06      	MOVWF       R6 
0x0786	0x0E82      	MOVLW       130
0x0788	0x6E07      	MOVWF       R7 
0x078A	0xDD80      	RCALL       _Mul_32x32_FP
0x078C	0xF046C000  	MOVFF       R0, FloatToStr_un_L0
0x0790	0xF047C001  	MOVFF       R1, FloatToStr_un_L0+1
0x0794	0xF048C002  	MOVFF       R2, FloatToStr_un_L0+2
0x0798	0xF049C003  	MOVFF       R3, FloatToStr_un_L0+3
;__Lib_Conversions.c,556 :: 		
0x079C	0x064B      	DECF        FloatToStr_dexpon_L0, 1 
;__Lib_Conversions.c,557 :: 		
0x079E	0xD7CE      	BRA         L_FloatToStr94
L_FloatToStr95:
;__Lib_Conversions.c,562 :: 		
L_FloatToStr96:
0x07A0	0x0E00      	MOVLW       0
0x07A2	0x6E04      	MOVWF       R4 
0x07A4	0x0E00      	MOVLW       0
0x07A6	0x6E05      	MOVWF       R5 
0x07A8	0x0E20      	MOVLW       32
0x07AA	0x6E06      	MOVWF       R6 
0x07AC	0x0E82      	MOVLW       130
0x07AE	0x6E07      	MOVWF       R7 
0x07B0	0xF000C046  	MOVFF       FloatToStr_un_L0, R0
0x07B4	0xF001C047  	MOVFF       FloatToStr_un_L0+1, R1
0x07B8	0xF002C048  	MOVFF       FloatToStr_un_L0+2, R2
0x07BC	0xF003C049  	MOVFF       FloatToStr_un_L0+3, R3
0x07C0	0xDCFE      	RCALL       _Compare_Double
0x07C2	0x0E00      	MOVLW       0
0x07C4	0xB0D8      	BTFSC       STATUS, 0 
0x07C6	0x0E01      	MOVLW       1
0x07C8	0x6E00      	MOVWF       R0 
0x07CA	0x5200      	MOVF        R0, 1 
0x07CC	0xE01B      	BZ          L_FloatToStr97
;__Lib_Conversions.c,563 :: 		
0x07CE	0xF000C046  	MOVFF       FloatToStr_un_L0, R0
0x07D2	0xF001C047  	MOVFF       FloatToStr_un_L0+1, R1
0x07D6	0xF002C048  	MOVFF       FloatToStr_un_L0+2, R2
0x07DA	0xF003C049  	MOVFF       FloatToStr_un_L0+3, R3
0x07DE	0x0ECD      	MOVLW       205
0x07E0	0x6E04      	MOVWF       R4 
0x07E2	0x0ECC      	MOVLW       204
0x07E4	0x6E05      	MOVWF       R5 
0x07E6	0x0E4C      	MOVLW       76
0x07E8	0x6E06      	MOVWF       R6 
0x07EA	0x0E7B      	MOVLW       123
0x07EC	0x6E07      	MOVWF       R7 
0x07EE	0xDD4E      	RCALL       _Mul_32x32_FP
0x07F0	0xF046C000  	MOVFF       R0, FloatToStr_un_L0
0x07F4	0xF047C001  	MOVFF       R1, FloatToStr_un_L0+1
0x07F8	0xF048C002  	MOVFF       R2, FloatToStr_un_L0+2
0x07FC	0xF049C003  	MOVFF       R3, FloatToStr_un_L0+3
;__Lib_Conversions.c,564 :: 		
0x0800	0x2A4B      	INCF        FloatToStr_dexpon_L0, 1 
;__Lib_Conversions.c,565 :: 		
0x0802	0xD7CE      	BRA         L_FloatToStr96
L_FloatToStr97:
;__Lib_Conversions.c,574 :: 		
0x0804	0x0EFF      	MOVLW       255
0x0806	0x1446      	ANDWF       FloatToStr_un_L0, 0 
0x0808	0x6E08      	MOVWF       R8 
0x080A	0x0EFF      	MOVLW       255
0x080C	0x1447      	ANDWF       FloatToStr_un_L0+1, 0 
0x080E	0x6E09      	MOVWF       R9 
0x0810	0x0E7F      	MOVLW       127
0x0812	0x1448      	ANDWF       FloatToStr_un_L0+2, 0 
0x0814	0x6E0A      	MOVWF       R10 
0x0816	0x0E00      	MOVLW       0
0x0818	0x1449      	ANDWF       FloatToStr_un_L0+3, 0 
0x081A	0x6E0B      	MOVWF       R11 
;__Lib_Conversions.c,575 :: 		
0x081C	0xF004C008  	MOVFF       R8, R4
0x0820	0xF005C009  	MOVFF       R9, R5
0x0824	0xF006C00A  	MOVFF       R10, R6
0x0828	0xF007C00B  	MOVFF       R11, R7
0x082C	0x3604      	RLCF        R4, 1 
0x082E	0x9004      	BCF         R4, 0 
0x0830	0x3605      	RLCF        R5, 1 
0x0832	0x3606      	RLCF        R6, 1 
0x0834	0x3607      	RLCF        R7, 1 
;__Lib_Conversions.c,576 :: 		
0x0836	0x0E00      	MOVLW       0
0x0838	0x1446      	ANDWF       FloatToStr_un_L0, 0 
0x083A	0x6E00      	MOVWF       R0 
0x083C	0x0E00      	MOVLW       0
0x083E	0x1447      	ANDWF       FloatToStr_un_L0+1, 0 
0x0840	0x6E01      	MOVWF       R1 
0x0842	0x0E00      	MOVLW       0
0x0844	0x1448      	ANDWF       FloatToStr_un_L0+2, 0 
0x0846	0x6E02      	MOVWF       R2 
0x0848	0x0EFF      	MOVLW       255
0x084A	0x1449      	ANDWF       FloatToStr_un_L0+3, 0 
0x084C	0x6E03      	MOVWF       R3 
0x084E	0xF046C000  	MOVFF       R0, FloatToStr_un_L0
0x0852	0xF047C001  	MOVFF       R1, FloatToStr_un_L0+1
0x0856	0xF048C002  	MOVFF       R2, FloatToStr_un_L0+2
0x085A	0xF049C003  	MOVFF       R3, FloatToStr_un_L0+3
;__Lib_Conversions.c,577 :: 		
0x085E	0x5004      	MOVF        R4, 0 
0x0860	0x1046      	IORWF       FloatToStr_un_L0, 0 
0x0862	0x6E00      	MOVWF       R0 
0x0864	0x5005      	MOVF        R5, 0 
0x0866	0x1047      	IORWF       FloatToStr_un_L0+1, 0 
0x0868	0x6E01      	MOVWF       R1 
0x086A	0x5006      	MOVF        R6, 0 
0x086C	0x1048      	IORWF       FloatToStr_un_L0+2, 0 
0x086E	0x6E02      	MOVWF       R2 
0x0870	0x5007      	MOVF        R7, 0 
0x0872	0x1049      	IORWF       FloatToStr_un_L0+3, 0 
0x0874	0x6E03      	MOVWF       R3 
0x0876	0xF046C000  	MOVFF       R0, FloatToStr_un_L0
0x087A	0xF047C001  	MOVFF       R1, FloatToStr_un_L0+1
0x087E	0xF048C002  	MOVFF       R2, FloatToStr_un_L0+2
0x0882	0xF049C003  	MOVFF       R3, FloatToStr_un_L0+3
;__Lib_Conversions.c,579 :: 		
0x0886	0x0E7F      	MOVLW       127
0x0888	0x5C49      	SUBWF       FloatToStr_un_L0+3, 0 
0x088A	0x6E00      	MOVWF       R0 
0x088C	0xF045C000  	MOVFF       R0, FloatToStr_d_L0
;__Lib_Conversions.c,582 :: 		
0x0890	0x0E01      	MOVLW       1
0x0892	0x6E49      	MOVWF       FloatToStr_un_L0+3 
;__Lib_Conversions.c,583 :: 		
0x0894	0xF004C000  	MOVFF       R0, R4
0x0898	0xF000C046  	MOVFF       FloatToStr_un_L0, R0
0x089C	0xF001C047  	MOVFF       FloatToStr_un_L0+1, R1
0x08A0	0xF002C048  	MOVFF       FloatToStr_un_L0+2, R2
0x08A4	0xF003C049  	MOVFF       FloatToStr_un_L0+3, R3
0x08A8	0x5004      	MOVF        R4, 0 
L__FloatToStr200:
0x08AA	0xE007      	BZ          L__FloatToStr201
0x08AC	0x3600      	RLCF        R0, 1 
0x08AE	0x9000      	BCF         R0, 0 
0x08B0	0x3601      	RLCF        R1, 1 
0x08B2	0x3602      	RLCF        R2, 1 
0x08B4	0x3603      	RLCF        R3, 1 
0x08B6	0x0FFF      	ADDLW       255
0x08B8	0xD7F8      	BRA         L__FloatToStr200
L__FloatToStr201:
0x08BA	0xF046C000  	MOVFF       R0, FloatToStr_un_L0
0x08BE	0xF047C001  	MOVFF       R1, FloatToStr_un_L0+1
0x08C2	0xF048C002  	MOVFF       R2, FloatToStr_un_L0+2
0x08C6	0xF049C003  	MOVFF       R3, FloatToStr_un_L0+3
;__Lib_Conversions.c,584 :: 		
0x08CA	0xFFE1C042  	MOVFF       FARG_FloatToStr_str, FSR1L
0x08CE	0xFFE2C043  	MOVFF       FARG_FloatToStr_str+1, FSR1H
0x08D2	0x5049      	MOVF        FloatToStr_un_L0+3, 0 
0x08D4	0x0F30      	ADDLW       48
0x08D6	0x6EE6      	MOVWF       POSTINC1 
0x08D8	0x4A42      	INFSNZ      FARG_FloatToStr_str, 1 
0x08DA	0x2A43      	INCF        FARG_FloatToStr_str+1, 1 
;__Lib_Conversions.c,585 :: 		
0x08DC	0x0E80      	MOVLW       128
0x08DE	0x184B      	XORWF       FloatToStr_dexpon_L0, 0 
0x08E0	0x6E00      	MOVWF       R0 
0x08E2	0x0E80      	MOVLW       128
0x08E4	0x0A01      	XORLW       1
0x08E6	0x5C00      	SUBWF       R0, 0 
0x08E8	0xE308      	BNC         L__FloatToStr148
0x08EA	0x0E80      	MOVLW       128
0x08EC	0x0A06      	XORLW       6
0x08EE	0x6E00      	MOVWF       R0 
0x08F0	0x0E80      	MOVLW       128
0x08F2	0x184B      	XORWF       FloatToStr_dexpon_L0, 0 
0x08F4	0x5C00      	SUBWF       R0, 0 
0x08F6	0xE301      	BNC         L__FloatToStr148
0x08F8	0xD00A      	BRA         L_FloatToStr100
L__FloatToStr148:
;__Lib_Conversions.c,586 :: 		
0x08FA	0xFFE1C042  	MOVFF       FARG_FloatToStr_str, FSR1L
0x08FE	0xFFE2C043  	MOVFF       FARG_FloatToStr_str+1, FSR1H
0x0902	0x0E2E      	MOVLW       46
0x0904	0x6EE6      	MOVWF       POSTINC1 
0x0906	0x4A42      	INFSNZ      FARG_FloatToStr_str, 1 
0x0908	0x2A43      	INCF        FARG_FloatToStr_str+1, 1 
;__Lib_Conversions.c,587 :: 		
0x090A	0x0E01      	MOVLW       1
0x090C	0x6E4A      	MOVWF       FloatToStr_bpoint_L0 
;__Lib_Conversions.c,588 :: 		
L_FloatToStr100:
;__Lib_Conversions.c,589 :: 		
0x090E	0x0E06      	MOVLW       6
0x0910	0x6E45      	MOVWF       FloatToStr_d_L0 
L_FloatToStr101:
0x0912	0x5045      	MOVF        FloatToStr_d_L0, 0 
0x0914	0x0A00      	XORLW       0
0x0916	0xE054      	BZ          L_FloatToStr102
;__Lib_Conversions.c,590 :: 		
0x0918	0x6A49      	CLRF        FloatToStr_un_L0+3 
;__Lib_Conversions.c,591 :: 		
0x091A	0xF000C046  	MOVFF       FloatToStr_un_L0, R0
0x091E	0xF001C047  	MOVFF       FloatToStr_un_L0+1, R1
0x0922	0xF002C048  	MOVFF       FloatToStr_un_L0+2, R2
0x0926	0xF003C049  	MOVFF       FloatToStr_un_L0+3, R3
0x092A	0x3600      	RLCF        R0, 1 
0x092C	0x9000      	BCF         R0, 0 
0x092E	0x3601      	RLCF        R1, 1 
0x0930	0x3602      	RLCF        R2, 1 
0x0932	0x3603      	RLCF        R3, 1 
0x0934	0x3600      	RLCF        R0, 1 
0x0936	0x9000      	BCF         R0, 0 
0x0938	0x3601      	RLCF        R1, 1 
0x093A	0x3602      	RLCF        R2, 1 
0x093C	0x3603      	RLCF        R3, 1 
0x093E	0x5046      	MOVF        FloatToStr_un_L0, 0 
0x0940	0x2600      	ADDWF       R0, 1 
0x0942	0x5047      	MOVF        FloatToStr_un_L0+1, 0 
0x0944	0x2201      	ADDWFC      R1, 1 
0x0946	0x5048      	MOVF        FloatToStr_un_L0+2, 0 
0x0948	0x2202      	ADDWFC      R2, 1 
0x094A	0x5049      	MOVF        FloatToStr_un_L0+3, 0 
0x094C	0x2203      	ADDWFC      R3, 1 
0x094E	0xF046C000  	MOVFF       R0, FloatToStr_un_L0
0x0952	0xF047C001  	MOVFF       R1, FloatToStr_un_L0+1
0x0956	0xF048C002  	MOVFF       R2, FloatToStr_un_L0+2
0x095A	0xF049C003  	MOVFF       R3, FloatToStr_un_L0+3
;__Lib_Conversions.c,592 :: 		
0x095E	0xF000C046  	MOVFF       FloatToStr_un_L0, R0
0x0962	0xF001C047  	MOVFF       FloatToStr_un_L0+1, R1
0x0966	0xF002C048  	MOVFF       FloatToStr_un_L0+2, R2
0x096A	0xF003C049  	MOVFF       FloatToStr_un_L0+3, R3
0x096E	0x3600      	RLCF        R0, 1 
0x0970	0x9000      	BCF         R0, 0 
0x0972	0x3601      	RLCF        R1, 1 
0x0974	0x3602      	RLCF        R2, 1 
0x0976	0x3603      	RLCF        R3, 1 
0x0978	0xF046C000  	MOVFF       R0, FloatToStr_un_L0
0x097C	0xF047C001  	MOVFF       R1, FloatToStr_un_L0+1
0x0980	0xF048C002  	MOVFF       R2, FloatToStr_un_L0+2
0x0984	0xF049C003  	MOVFF       R3, FloatToStr_un_L0+3
;__Lib_Conversions.c,593 :: 		
0x0988	0xFFE1C042  	MOVFF       FARG_FloatToStr_str, FSR1L
0x098C	0xFFE2C043  	MOVFF       FARG_FloatToStr_str+1, FSR1H
0x0990	0x5049      	MOVF        FloatToStr_un_L0+3, 0 
0x0992	0x0F30      	ADDLW       48
0x0994	0x6EE6      	MOVWF       POSTINC1 
0x0996	0x4A42      	INFSNZ      FARG_FloatToStr_str, 1 
0x0998	0x2A43      	INCF        FARG_FloatToStr_str+1, 1 
;__Lib_Conversions.c,594 :: 		
0x099A	0x504A      	MOVF        FloatToStr_bpoint_L0, 0 
0x099C	0x0A00      	XORLW       0
0x099E	0xE10E      	BNZ         L_FloatToStr104
;__Lib_Conversions.c,595 :: 		
0x09A0	0x064B      	DECF        FloatToStr_dexpon_L0, 1 
0x09A2	0x504B      	MOVF        FloatToStr_dexpon_L0, 0 
0x09A4	0x0A00      	XORLW       0
0x09A6	0xE10A      	BNZ         L_FloatToStr105
;__Lib_Conversions.c,596 :: 		
0x09A8	0xFFE1C042  	MOVFF       FARG_FloatToStr_str, FSR1L
0x09AC	0xFFE2C043  	MOVFF       FARG_FloatToStr_str+1, FSR1H
0x09B0	0x0E2E      	MOVLW       46
0x09B2	0x6EE6      	MOVWF       POSTINC1 
0x09B4	0x4A42      	INFSNZ      FARG_FloatToStr_str, 1 
0x09B6	0x2A43      	INCF        FARG_FloatToStr_str+1, 1 
;__Lib_Conversions.c,597 :: 		
0x09B8	0x0E01      	MOVLW       1
0x09BA	0x6E4A      	MOVWF       FloatToStr_bpoint_L0 
;__Lib_Conversions.c,598 :: 		
L_FloatToStr105:
L_FloatToStr104:
;__Lib_Conversions.c,589 :: 		
0x09BC	0x0645      	DECF        FloatToStr_d_L0, 1 
;__Lib_Conversions.c,599 :: 		
0x09BE	0xD7A9      	BRA         L_FloatToStr101
L_FloatToStr102:
;__Lib_Conversions.c,600 :: 		
L_FloatToStr106:
0x09C0	0x0EFF      	MOVLW       255
0x09C2	0x2442      	ADDWF       FARG_FloatToStr_str, 0 
0x09C4	0x6EE9      	MOVWF       FSR0L 
0x09C6	0x0EFF      	MOVLW       255
0x09C8	0x2043      	ADDWFC      FARG_FloatToStr_str+1, 0 
0x09CA	0x6EEA      	MOVWF       FSR0H 
0x09CC	0x50EE      	MOVF        POSTINC0, 0 
0x09CE	0x0A30      	XORLW       48
0x09D0	0xE105      	BNZ         L_FloatToStr107
;__Lib_Conversions.c,601 :: 		
0x09D2	0x0E01      	MOVLW       1
0x09D4	0x5E42      	SUBWF       FARG_FloatToStr_str, 1 
0x09D6	0x0E00      	MOVLW       0
0x09D8	0x5A43      	SUBWFB      FARG_FloatToStr_str+1, 1 
0x09DA	0xD7F2      	BRA         L_FloatToStr106
L_FloatToStr107:
;__Lib_Conversions.c,602 :: 		
0x09DC	0x0EFF      	MOVLW       255
0x09DE	0x2442      	ADDWF       FARG_FloatToStr_str, 0 
0x09E0	0x6EE9      	MOVWF       FSR0L 
0x09E2	0x0EFF      	MOVLW       255
0x09E4	0x2043      	ADDWFC      FARG_FloatToStr_str+1, 0 
0x09E6	0x6EEA      	MOVWF       FSR0H 
0x09E8	0x50EE      	MOVF        POSTINC0, 0 
0x09EA	0x0A2E      	XORLW       46
0x09EC	0xE104      	BNZ         L_FloatToStr108
;__Lib_Conversions.c,603 :: 		
0x09EE	0x0E01      	MOVLW       1
0x09F0	0x5E42      	SUBWF       FARG_FloatToStr_str, 1 
0x09F2	0x0E00      	MOVLW       0
0x09F4	0x5A43      	SUBWFB      FARG_FloatToStr_str+1, 1 
L_FloatToStr108:
;__Lib_Conversions.c,604 :: 		
0x09F6	0x504B      	MOVF        FloatToStr_dexpon_L0, 0 
0x09F8	0x0A00      	XORLW       0
0x09FA	0xE041      	BZ          L_FloatToStr109
;__Lib_Conversions.c,605 :: 		
0x09FC	0xFFE1C042  	MOVFF       FARG_FloatToStr_str, FSR1L
0x0A00	0xFFE2C043  	MOVFF       FARG_FloatToStr_str+1, FSR1H
0x0A04	0x0E65      	MOVLW       101
0x0A06	0x6EE6      	MOVWF       POSTINC1 
0x0A08	0x4A42      	INFSNZ      FARG_FloatToStr_str, 1 
0x0A0A	0x2A43      	INCF        FARG_FloatToStr_str+1, 1 
;__Lib_Conversions.c,606 :: 		
0x0A0C	0x0E80      	MOVLW       128
0x0A0E	0x184B      	XORWF       FloatToStr_dexpon_L0, 0 
0x0A10	0x6E00      	MOVWF       R0 
0x0A12	0x0E80      	MOVLW       128
0x0A14	0x0A00      	XORLW       0
0x0A16	0x5C00      	SUBWF       R0, 0 
0x0A18	0xE20B      	BC          L_FloatToStr110
;__Lib_Conversions.c,607 :: 		
0x0A1A	0xFFE1C042  	MOVFF       FARG_FloatToStr_str, FSR1L
0x0A1E	0xFFE2C043  	MOVFF       FARG_FloatToStr_str+1, FSR1H
0x0A22	0x0E2D      	MOVLW       45
0x0A24	0x6EE6      	MOVWF       POSTINC1 
0x0A26	0x4A42      	INFSNZ      FARG_FloatToStr_str, 1 
0x0A28	0x2A43      	INCF        FARG_FloatToStr_str+1, 1 
;__Lib_Conversions.c,608 :: 		
0x0A2A	0x504B      	MOVF        FloatToStr_dexpon_L0, 0 
0x0A2C	0x0800      	SUBLW       0
0x0A2E	0x6E4B      	MOVWF       FloatToStr_dexpon_L0 
;__Lib_Conversions.c,609 :: 		
L_FloatToStr110:
;__Lib_Conversions.c,610 :: 		
0x0A30	0xF045C04B  	MOVFF       FloatToStr_dexpon_L0, FloatToStr_d_L0
;__Lib_Conversions.c,611 :: 		
0x0A34	0x0E80      	MOVLW       128
0x0A36	0x0A09      	XORLW       9
0x0A38	0x6E00      	MOVWF       R0 
0x0A3A	0x0E80      	MOVLW       128
0x0A3C	0x184B      	XORWF       FloatToStr_dexpon_L0, 0 
0x0A3E	0x5C00      	SUBWF       R0, 0 
0x0A40	0xE20E      	BC          L_FloatToStr111
;__Lib_Conversions.c,612 :: 		
0x0A42	0x0E0A      	MOVLW       10
0x0A44	0x6E04      	MOVWF       R4 
0x0A46	0xF000C045  	MOVFF       FloatToStr_d_L0, R0
0x0A4A	0xDCB6      	RCALL       _Div_8X8_S
0x0A4C	0xFFE1C042  	MOVFF       FARG_FloatToStr_str, FSR1L
0x0A50	0xFFE2C043  	MOVFF       FARG_FloatToStr_str+1, FSR1H
0x0A54	0x5000      	MOVF        R0, 0 
0x0A56	0x0F30      	ADDLW       48
0x0A58	0x6EE6      	MOVWF       POSTINC1 
0x0A5A	0x4A42      	INFSNZ      FARG_FloatToStr_str, 1 
0x0A5C	0x2A43      	INCF        FARG_FloatToStr_str+1, 1 
L_FloatToStr111:
;__Lib_Conversions.c,613 :: 		
0x0A5E	0x0E0A      	MOVLW       10
0x0A60	0x6E04      	MOVWF       R4 
0x0A62	0xF000C045  	MOVFF       FloatToStr_d_L0, R0
0x0A66	0xDCA8      	RCALL       _Div_8X8_S
0x0A68	0xF000C008  	MOVFF       R8, R0
0x0A6C	0xFFE1C042  	MOVFF       FARG_FloatToStr_str, FSR1L
0x0A70	0xFFE2C043  	MOVFF       FARG_FloatToStr_str+1, FSR1H
0x0A74	0x5000      	MOVF        R0, 0 
0x0A76	0x0F30      	ADDLW       48
0x0A78	0x6EE6      	MOVWF       POSTINC1 
0x0A7A	0x4A42      	INFSNZ      FARG_FloatToStr_str, 1 
0x0A7C	0x2A43      	INCF        FARG_FloatToStr_str+1, 1 
;__Lib_Conversions.c,614 :: 		
L_FloatToStr109:
;__Lib_Conversions.c,615 :: 		
0x0A7E	0xFFE1C042  	MOVFF       FARG_FloatToStr_str, FSR1L
0x0A82	0xFFE2C043  	MOVFF       FARG_FloatToStr_str+1, FSR1H
0x0A86	0x6AE6      	CLRF        POSTINC1 
;__Lib_Conversions.c,616 :: 		
0x0A88	0x6A00      	CLRF        R0 
;__Lib_Conversions.c,617 :: 		
L_end_FloatToStr:
0x0A8A	0x0012      	RETURN      0
; end of _FloatToStr
_main:
0x0A8C	0xF005EC63  	CALL        2758, 0
;p7b.c,44 :: 		void main() {
;p7b.c,46 :: 		Lcd_init();
0x0A90	0xDD41      	RCALL       _Lcd_Init
;p7b.c,47 :: 		ADCON0 = 0x71; //AN6
0x0A92	0x0E71      	MOVLW       113
0x0A94	0x6EC2      	MOVWF       ADCON0 
;p7b.c,48 :: 		ADCON1 = 0XC0;
0x0A96	0x0EC0      	MOVLW       192
0x0A98	0x6EC1      	MOVWF       ADCON1 
;p7b.c,51 :: 		PIR1.ADIF = 0;  //flag a 0
0x0A9A	0x9C9E      	BCF         PIR1, 6 
;p7b.c,52 :: 		PIE1.ADIE = 1; //Se habilitan interrupciones AD
0x0A9C	0x8C9D      	BSF         PIE1, 6 
;p7b.c,53 :: 		INTCON.PEIE = 1; //Se habilitan interrupciones perifericas
0x0A9E	0x8CF2      	BSF         INTCON, 6 
;p7b.c,54 :: 		INTCON.GIE = 1;  //Se habilitan interrupciones en general
0x0AA0	0x8EF2      	BSF         INTCON, 7 
;p7b.c,57 :: 		T0CON = 0x85; //Pre 64 ; Modo 16 bits
0x0AA2	0x0E85      	MOVLW       133
0x0AA4	0x6ED5      	MOVWF       T0CON 
;p7b.c,58 :: 		INTCON.TMR0IF = 0; //Flag a 0
0x0AA6	0x94F2      	BCF         INTCON, 2 
;p7b.c,59 :: 		INTCON.TMR0IE = 1;   //Se habilitan interrupciones Timer0
0x0AA8	0x8AF2      	BSF         INTCON, 5 
;p7b.c,61 :: 		TMR0H = (18661>>8);
0x0AAA	0x0E48      	MOVLW       72
0x0AAC	0x6ED7      	MOVWF       TMR0H 
;p7b.c,62 :: 		TMR0L = 18661;
0x0AAE	0x0EE5      	MOVLW       229
0x0AB0	0x6ED6      	MOVWF       TMR0L 
;p7b.c,63 :: 		ADCON0.B2 = 1;
0x0AB2	0x84C2      	BSF         ADCON0, 2 
;p7b.c,65 :: 		while(1);
L_main14:
0x0AB4	0xD7FF      	BRA         L_main14
;p7b.c,66 :: 		}
L_end_main:
0x0AB6	0xD7FF      	BRA         $+0
; end of _main
0x0AC6	0xF019EE10  	LFSR        1, 25
0x0ACA	0x0E0E      	MOVLW       14
0x0ACC	0x6E00      	MOVWF       R0 
0x0ACE	0x0E01      	MOVLW       1
0x0AD0	0x6E01      	MOVWF       R1 
0x0AD2	0x0EB8      	MOVLW       184
0x0AD4	0x6EF6      	MOVWF       4086 
0x0AD6	0x0E0A      	MOVLW       10
0x0AD8	0x6EF7      	MOVWF       TBLPTRH 
0x0ADA	0x0E00      	MOVLW       0
0x0ADC	0x6EF8      	MOVWF       TBLPTRU 
0x0ADE	0xF002ECD5  	CALL        1450, 0
0x0AE2	0x0012      	RETURN      0
;__Lib_Conversions.c,0 :: ?ICS?lstr1___Lib_Conversions
0x0AB8	0x614E ;?ICS?lstr1___Lib_Conversions+0
0x0ABA	0x004E ;?ICS?lstr1___Lib_Conversions+2
; end of ?ICS?lstr1___Lib_Conversions
;__Lib_Conversions.c,0 :: ?ICS?lstr3___Lib_Conversions
0x0ABC	0x4E49 ;?ICS?lstr3___Lib_Conversions+0
0x0ABE	0x0046 ;?ICS?lstr3___Lib_Conversions+2
; end of ?ICS?lstr3___Lib_Conversions
;__Lib_Conversions.c,0 :: ?ICS?lstr2___Lib_Conversions
0x0AC0	0x0030 ;?ICS?lstr2___Lib_Conversions+0
; end of ?ICS?lstr2___Lib_Conversions
;p7b.c,0 :: ?ICS_resolucion
0x0AC2	0x3E90 ;?ICS_resolucion+0
0x0AC4	0x7D7A ;?ICS_resolucion+2
; end of ?ICS_resolucion
Symbol List:
//** Routines locations **
//ADDRESS    SIZE    PROCEDURE
//----------------------------------------------
0x0008     [204]    _interrupt
0x00D4      [22]    _Delay_5500us
0x00EA       [6]    _Delay_1us
0x00F0      [10]    _Delay_50us
0x00FA      [24]    _SETFOV32
0x0112      [26]    _SETFUN32
0x012C       [8]    _FIXSIGN32
0x0134     [124]    _Lcd_Cmd
0x01B0      [14]    _RES032
0x01BE     [206]    _Compare_Double
0x028C     [288]    _Mul_32x32_FP
0x03AC      [12]    _Lcd_Chr_CP
0x03B8     [158]    _Div_8X8_S
0x0456     [114]    _NRM3232
0x04C8      [76]    _strcpy
0x0514     [150]    _Lcd_Init
0x05AA      [16]    ___CC2DW
0x05BA      [64]    _int2double
0x05FA     [122]    _Lcd_Out
0x0674    [1048]    _FloatToStr
0x0A8C      [44]    _main
//** Variables locations ** 
//ADDRESS    SIZE    VARIABLE
//----------------------------------------------
0x0000       [1]    SPI1_Write_tmp_L0
0x0000       [1]    EEPROM_Write_SaveINTCON_L0
0x0000       [1]    R0
0x0000       [1]    __Lib_SoftI2C_PutZerosToLATScl_temp_scl_L0
0x0000       [1]    UART1_Init_tmp_L0
0x0000       [1]    FLASH_Erase_64_SaveINTCON_L0
0x0000       [1]    __Lib_SoftI2C_PutZerosToLATSda_temp_sda_L0
0x0001       [1]    FLASH_Write_8_i_L0
0x0001       [1]    UART1_Read___tmp_UART1_Read_L0
0x0001       [1]    __Lib_TFT_JPEG_FileRead_i_L0
0x0001       [1]    __Lib_TFT_16bit_JPEG_FileReadBytes_Result_L0
0x0001       [2]    FLASH_Read_N_Bytes_i_L0
0x0001       [1]    FLASH_Erase_Write_64_i_L0
0x0001       [1]    R1
0x0001       [1]    __Lib_PS2_Wait_Falling_nsample_L0
0x0001       [1]    __Lib_TFT_16bit_JPEG_FileRead_i_L0
0x0001       [1]    __Lib_TFT_JPEG_FileReadBytes_Result_L0
0x0001       [1]    ispunct_rslt_L0
0x0002       [1]    FLASH_Write_8_SaveINTCON_L0
0x0002       [2]    __Lib_FT812_alt_memcpy_dd_L0
0x0002       [2]    memchr_s_L0
0x0002       [2]    __Lib_FT810_alt_memset_pp_L0
0x0002       [1]    FLASH_Erase_Write_64_j_L0
0x0002       [2]    __Lib_FT810_alt_strlen_cp_L0
0x0002       [2]    memset_pp_L0
0x0002       [2]    __Lib_FT800_alt_memset_pp_L0
0x0002       [2]    strlen_cp_L0
0x0002       [2]    __Lib_FT800_alt_strlen_cp_L0
0x0002       [1]    R2
0x0002       [2]    __Lib_FT800_alt_memcpy_dd_L0
0x0002       [2]    memcpy_dd_L0
0x0002       [2]    __Lib_FT810_alt_memcpy_dd_L0
0x0002       [2]    __Lib_FT812_alt_memset_pp_L0
0x0002       [2]    __Lib_FT812_alt_strlen_cp_L0
0x0003       [2]    Ltrim_original_L0
0x0003       [4]    FT800_Canvas_SurrRect_minX_L0
0x0003       [1]    FLASH_Erase_Write_64_SaveINTCON_L0
0x0003       [2]    memmove_tt_L0
0x0003       [2]    MM_TotalFreeMemSize_Tot_L0
0x0003       [1]    __Lib_Sprinti_?FLOC____Lib_Sprinti_Do_FillT29
0x0003       [1]    R3
0x0003       [4]    FT810_Canvas_SurrRect_minX_L0
0x0003       [4]    FT812_Canvas_SurrRect_minX_L0
0x0003       [2]    __Lib_MmcFat16_f16_toInt_l_L0
0x0003       [1]    MM_Init_i_L0
0x0004       [2]    strcpy_cp_L0
0x0004       [2]    frexp_pom_L0
0x0004       [2]    __Lib_MemManager_MM_GetMemAlign_P_L0
0x0004       [1]    R4
0x0004       [3]    __Lib_FT812_alt_strlen_const_cp_L0
0x0004       [3]    __Lib_FT800_alt_strlen_const_cp_L0
0x0004       [2]    memcpy_ss_L0
0x0004       [2]    strncat_cp_L0
0x0004       [2]    __Lib_FT800_alt_memcpy_ss_L0
0x0004       [2]    __Lib_FT812_alt_memcpy_ss_L0
0x0004       [2]    strncpy_cp_L0
0x0004       [2]    __Lib_FT810_alt_memcpy_ss_L0
0x0004       [2]    strcat_cp_L0
0x0004       [3]    __Lib_FT810_alt_strlen_const_cp_L0
0x0004       [1]    __Lib_Sprinti_?FLOC____Lib_Sprinti_Do_FillT40
0x0005       [2]    LongWordToHex_input_half_L0
0x0005       [1]    __Lib_Sprinti_?FLOC____Lib_Sprinti_Do_FillT54
0x0005       [1]    R5
0x0005       [2]    LongIntToHex_input_half_L0
0x0005       [2]    Ltrim_p_L0
0x0005       [1]    MM_TotalFreeMemSize_i_L0
0x0005       [2]    memmove_ff_L0
0x0006       [1]    R6
0x0006       [1]    __Lib_MemManager_MM_GetMemAlign_i_L0
0x0006       [1]    __Lib_Sprinti_?FLOC____Lib_Sprinti_Do_FillT69
0x0007       [4]    FT810_Canvas_SurrRect_minY_L0
0x0007       [4]    FT800_Canvas_SurrRect_minY_L0
0x0007       [4]    FT812_Canvas_SurrRect_minY_L0
0x0007       [1]    __Lib_TFT_16bit_JPEG_GenerateHuffmanTables_bLength_L0
0x0007       [1]    __Lib_TFT_JPEG_GenerateHuffmanTables_bLength_L0
0x0007       [1]    R7
0x0008       [1]    __Lib_TFT_16bit_JPEG_GenerateHuffmanTables_bTable_L0
0x0008       [1]    R8
0x0008       [1]    __Lib_TFT_JPEG_GenerateHuffmanTables_bTable_L0
0x0009       [1]    R9
0x0009       [4]    __Lib_MmcFat16_f16_toLong_l_L0
0x000A       [1]    R10
0x000B       [1]    R11
0x000B       [4]    FT812_Canvas_SurrRect_maxX_L0
0x000B       [4]    FT800_Canvas_SurrRect_maxX_L0
0x000B       [4]    FT810_Canvas_SurrRect_maxX_L0
0x000C       [1]    R12
0x000D       [1]    R13
0x000E       [1]    R14
0x000F       [4]    FT810_Canvas_SurrRect_maxY_L0
0x000F       [1]    R15
0x000F       [4]    FT800_Canvas_SurrRect_maxY_L0
0x000F       [4]    FT812_Canvas_SurrRect_maxY_L0
0x0010       [1]    R16
0x0011       [1]    R17
0x0012       [1]    R18
0x0013       [1]    R19
0x0014       [1]    R20
0x0019       [4]    ?lstr1___Lib_Conversions
0x001D       [4]    ?lstr3___Lib_Conversions
0x0021       [2]    ?lstr2___Lib_Conversions
0x0023       [4]    _resolucion
0x0027      [14]    _txt
0x0035       [2]    _aux
0x0037       [0]    __Lib_Lcd_cmd_status
0x0038       [4]    _vi
0x003C       [2]    _auxAnterior
0x003E       [1]    FARG_Lcd_Out_row
0x003E       [4]    FARG_FloatToStr_fnum
0x003F       [1]    FARG_Lcd_Out_column
0x0040       [2]    FARG_Lcd_Out_text
0x0042       [1]    Lcd_Out_i_L0
0x0042       [2]    FARG_FloatToStr_str
0x0044       [1]    FloatToStr_i_L0
0x0045       [1]    FloatToStr_d_L0
0x0046       [4]    FloatToStr_un_L0
0x004A       [1]    FloatToStr_bpoint_L0
0x004B       [1]    FloatToStr_dexpon_L0
0x004C       [2]    FARG_strcpy_to
0x004C       [1]    FARG_Lcd_Chr_CP_out_char
0x004E       [2]    FARG_strcpy_from
0x0050       [1]    FARG_Lcd_Cmd_out_char
0x0F83       [0]    RD5_bit
0x0F83       [0]    RD6_bit
0x0F83       [0]    RD7_bit
0x0F83       [0]    RD4_bit
0x0F83       [0]    LCD_D6
0x0F83       [0]    LCD_D7
0x0F83       [0]    LCD_D5
0x0F83       [0]    LCD_D4
0x0F83       [0]    LCD_EN
0x0F83       [0]    RD2_bit
0x0F83       [0]    RD3_bit
0x0F83       [0]    LCD_RS
0x0F95       [0]    TRISD4_bit
0x0F95       [0]    TRISD3_bit
0x0F95       [0]    TRISD5_bit
0x0F95       [0]    TRISD7_bit
0x0F95       [0]    TRISD6_bit
0x0F95       [0]    LCD_RS_Direction
0x0F95       [0]    LCD_D6_Direction
0x0F95       [0]    LCD_D7_Direction
0x0F95       [0]    LCD_EN_Direction
0x0F95       [0]    TRISD2_bit
0x0F95       [0]    LCD_D5_Direction
0x0F95       [0]    LCD_D4_Direction
0x0F9D       [1]    PIE1
0x0F9E       [1]    PIR1
0x0FC1       [1]    ADCON1
0x0FC2       [1]    ADCON0
0x0FC3       [1]    ADRESL
0x0FC4       [1]    ADRESH
0x0FD5       [1]    T0CON
0x0FD6       [1]    TMR0L
0x0FD7       [1]    TMR0H
0x0FD8       [1]    STATUS
0x0FD9       [1]    FSR2L
0x0FDA       [1]    FSR2H
0x0FDE       [1]    POSTINC2
0x0FE0       [1]    BSR
0x0FE1       [1]    FSR1L
0x0FE2       [1]    FSR1H
0x0FE4       [1]    PREINC1
0x0FE6       [1]    POSTINC1
0x0FE7       [1]    INDF1
0x0FE8       [1]    WREG
0x0FE9       [1]    FSR0L
0x0FEA       [1]    FSR0H
0x0FEE       [1]    POSTINC0
0x0FF2       [1]    INTCON
0x0FF3       [1]    PRODL
0x0FF4       [1]    PRODH
0x0FF5       [1]    TABLAT
0x0FF6       [1]    TBLPTRL
0x0FF7       [1]    TBLPTRH
0x0FF8       [1]    TBLPTRU
//** Constants locations ** 
//ADDRESS    SIZE    CONSTANT
//----------------------------------------------
0x0AB8       [4]    ?ICS?lstr1___Lib_Conversions
0x0ABC       [4]    ?ICS?lstr3___Lib_Conversions
0x0AC0       [2]    ?ICS?lstr2___Lib_Conversions
0x0AC2       [4]    ?ICS_resolucion
