;  LST file generated by mikroListExporter - v.2.0 
; Date/Time: 13/05/2018 16:54:11
;----------------------------------------------

;Address Opcode 	ASM
0x0000	0xF000EF94  	GOTO        296
_interrupt:
;p7b.c,24 :: 		void interrupt(){
0x0008	0xF016C000  	MOVFF       R0, 22
0x000C	0xF015C001  	MOVFF       R1, 21
;p7b.c,25 :: 		if(INTCON.TMR0IF){
0x0010	0xA4F2      	BTFSS       INTCON, 2 
0x0012	0xD006      	BRA         L_interrupt0
;p7b.c,26 :: 		ADCON0.B2 = 1;
0x0014	0x84C2      	BSF         ADCON0, 2 
;p7b.c,27 :: 		TMR0H = (18661>>8);
0x0016	0x0E48      	MOVLW       72
0x0018	0x6ED7      	MOVWF       TMR0H 
;p7b.c,28 :: 		TMR0L = 18661;
0x001A	0x0EE5      	MOVLW       229
0x001C	0x6ED6      	MOVWF       TMR0L 
;p7b.c,29 :: 		INTCON.TMR0IF = 0;
0x001E	0x94F2      	BCF         INTCON, 2 
;p7b.c,30 :: 		}
L_interrupt0:
;p7b.c,32 :: 		if(PIR1.ADIF){
0x0020	0xAC9E      	BTFSS       PIR1, 6 
0x0022	0xD01C      	BRA         L_interrupt1
;p7b.c,33 :: 		aux =(ADRESH<<8);
0x0024	0xF001CFC4  	MOVFF       ADRESH, R1
0x0028	0x6A00      	CLRF        R0 
0x002A	0xF017C000  	MOVFF       R0, _aux
0x002E	0xF018C001  	MOVFF       R1, _aux+1
;p7b.c,34 :: 		aux =ADRESL + aux;
0x0032	0x50C3      	MOVF        ADRESL, 0 
0x0034	0x2400      	ADDWF       R0, 0 
0x0036	0x6E02      	MOVWF       R2 
0x0038	0x0E00      	MOVLW       0
0x003A	0x2001      	ADDWFC      R1, 0 
0x003C	0x6E03      	MOVWF       R3 
0x003E	0xF017C002  	MOVFF       R2, _aux
0x0042	0xF018C003  	MOVFF       R3, _aux+1
;p7b.c,35 :: 		if(auxAnterior != aux){
0x0046	0x501A      	MOVF        _auxAnterior+1, 0 
0x0048	0x1803      	XORWF       R3, 0 
0x004A	0xE102      	BNZ         L__interrupt7
0x004C	0x5002      	MOVF        R2, 0 
0x004E	0x1819      	XORWF       _auxAnterior, 0 
L__interrupt7:
0x0050	0xE000      	BZ          L_interrupt2
;p7b.c,37 :: 		}
L_interrupt2:
;p7b.c,38 :: 		auxAnterior = aux;
0x0052	0xF019C017  	MOVFF       _aux, _auxAnterior
0x0056	0xF01AC018  	MOVFF       _aux+1, _auxAnterior+1
;p7b.c,39 :: 		PIR1.ADIF = 0;
0x005A	0x9C9E      	BCF         PIR1, 6 
;p7b.c,40 :: 		}
L_interrupt1:
;p7b.c,41 :: 		}
L_end_interrupt:
L__interrupt6:
0x005C	0xF000C016  	MOVFF       22, R0
0x0060	0xF001C015  	MOVFF       21, R1
0x0064	0x0011      	RETFIE      1
; end of _interrupt
_Delay_5500us:
;__Lib_Delays.c,31 :: 		void Delay_5500us() {
;__Lib_Delays.c,32 :: 		Delay_us(5500);
0x0066	0x0E0F      	MOVLW       15
0x0068	0x6E0C      	MOVWF       R12, 0
0x006A	0x0E47      	MOVLW       71
0x006C	0x6E0D      	MOVWF       R13, 0
L_Delay_5500us5:
0x006E	0x2E0D      	DECFSZ      R13, 1, 0
0x0070	0xD7FE      	BRA         L_Delay_5500us5
0x0072	0x2E0C      	DECFSZ      R12, 1, 0
0x0074	0xD7FC      	BRA         L_Delay_5500us5
0x0076	0x0000      	NOP
0x0078	0x0000      	NOP
;__Lib_Delays.c,33 :: 		}
L_end_Delay_5500us:
0x007A	0x0012      	RETURN      0
; end of _Delay_5500us
_Delay_1us:
;__Lib_Delays.c,7 :: 		void Delay_1us() {
;__Lib_Delays.c,8 :: 		Delay_us(1);
0x007C	0x0000      	NOP
0x007E	0x0000      	NOP
;__Lib_Delays.c,9 :: 		}
L_end_Delay_1us:
0x0080	0x0012      	RETURN      0
; end of _Delay_1us
_Lcd_Init:
;__Lib_Lcd.c,84 :: 		
;__Lib_Lcd.c,86 :: 		
0x0082	0x9695      	BCF         LCD_EN_Direction, BitPos(LCD_EN_Direction+0) 
;__Lib_Lcd.c,87 :: 		
0x0084	0x9495      	BCF         LCD_RS_Direction, BitPos(LCD_RS_Direction+0) 
;__Lib_Lcd.c,88 :: 		
0x0086	0x9895      	BCF         LCD_D4_Direction, BitPos(LCD_D4_Direction+0) 
;__Lib_Lcd.c,89 :: 		
0x0088	0x9A95      	BCF         LCD_D5_Direction, BitPos(LCD_D5_Direction+0) 
;__Lib_Lcd.c,90 :: 		
0x008A	0x9C95      	BCF         LCD_D6_Direction, BitPos(LCD_D6_Direction+0) 
;__Lib_Lcd.c,91 :: 		
0x008C	0x9E95      	BCF         LCD_D7_Direction, BitPos(LCD_D7_Direction+0) 
;__Lib_Lcd.c,93 :: 		
0x008E	0x9683      	BCF         LCD_EN, BitPos(LCD_EN+0) 
;__Lib_Lcd.c,94 :: 		
0x0090	0x9483      	BCF         LCD_RS, BitPos(LCD_RS+0) 
;__Lib_Lcd.c,95 :: 		
0x0092	0x9E83      	BCF         LCD_D7, BitPos(LCD_D7+0) 
;__Lib_Lcd.c,96 :: 		
0x0094	0x9C83      	BCF         LCD_D6, BitPos(LCD_D6+0) 
;__Lib_Lcd.c,97 :: 		
0x0096	0x9A83      	BCF         LCD_D5, BitPos(LCD_D5+0) 
;__Lib_Lcd.c,98 :: 		
0x0098	0x9883      	BCF         LCD_D4, BitPos(LCD_D4+0) 
;__Lib_Lcd.c,100 :: 		
0x009A	0xDFE5      	RCALL       _Delay_5500us
;__Lib_Lcd.c,101 :: 		
0x009C	0xDFE4      	RCALL       _Delay_5500us
;__Lib_Lcd.c,102 :: 		
0x009E	0xDFE3      	RCALL       _Delay_5500us
;__Lib_Lcd.c,105 :: 		
0x00A0	0x8A83      	BSF         LCD_D5, BitPos(LCD_D5+0) 
;__Lib_Lcd.c,106 :: 		
0x00A2	0x8883      	BSF         LCD_D4, BitPos(LCD_D4+0) 
;__Lib_Lcd.c,107 :: 		
0x00A4	0x8683      	BSF         LCD_EN, BitPos(LCD_EN+0) 
;__Lib_Lcd.c,108 :: 		
0x00A6	0xDFEA      	RCALL       _Delay_1us
;__Lib_Lcd.c,109 :: 		
0x00A8	0x9683      	BCF         LCD_EN, BitPos(LCD_EN+0) 
;__Lib_Lcd.c,110 :: 		
0x00AA	0xDFDD      	RCALL       _Delay_5500us
;__Lib_Lcd.c,112 :: 		
0x00AC	0x8683      	BSF         LCD_EN, BitPos(LCD_EN+0) 
;__Lib_Lcd.c,113 :: 		
0x00AE	0xDFE6      	RCALL       _Delay_1us
;__Lib_Lcd.c,114 :: 		
0x00B0	0x9683      	BCF         LCD_EN, BitPos(LCD_EN+0) 
;__Lib_Lcd.c,115 :: 		
0x00B2	0xDFD9      	RCALL       _Delay_5500us
;__Lib_Lcd.c,117 :: 		
0x00B4	0x8683      	BSF         LCD_EN, BitPos(LCD_EN+0) 
;__Lib_Lcd.c,118 :: 		
0x00B6	0xDFE2      	RCALL       _Delay_1us
;__Lib_Lcd.c,119 :: 		
0x00B8	0x9683      	BCF         LCD_EN, BitPos(LCD_EN+0) 
;__Lib_Lcd.c,120 :: 		
0x00BA	0xDFD5      	RCALL       _Delay_5500us
;__Lib_Lcd.c,123 :: 		
0x00BC	0x9883      	BCF         LCD_D4, BitPos(LCD_D4+0) 
;__Lib_Lcd.c,124 :: 		
0x00BE	0x8683      	BSF         LCD_EN, BitPos(LCD_EN+0) 
;__Lib_Lcd.c,125 :: 		
0x00C0	0xDFDD      	RCALL       _Delay_1us
;__Lib_Lcd.c,126 :: 		
0x00C2	0x9683      	BCF         LCD_EN, BitPos(LCD_EN+0) 
;__Lib_Lcd.c,127 :: 		
0x00C4	0xDFD0      	RCALL       _Delay_5500us
;__Lib_Lcd.c,130 :: 		
0x00C6	0x8683      	BSF         LCD_EN, BitPos(LCD_EN+0) 
;__Lib_Lcd.c,131 :: 		
0x00C8	0xDFD9      	RCALL       _Delay_1us
;__Lib_Lcd.c,132 :: 		
0x00CA	0x9683      	BCF         LCD_EN, BitPos(LCD_EN+0) 
;__Lib_Lcd.c,134 :: 		
0x00CC	0x9A83      	BCF         LCD_D5, BitPos(LCD_D5+0) 
;__Lib_Lcd.c,135 :: 		
0x00CE	0x8E83      	BSF         LCD_D7, BitPos(LCD_D7+0) 
;__Lib_Lcd.c,136 :: 		
0x00D0	0x8683      	BSF         LCD_EN, BitPos(LCD_EN+0) 
;__Lib_Lcd.c,137 :: 		
0x00D2	0xDFD4      	RCALL       _Delay_1us
;__Lib_Lcd.c,138 :: 		
0x00D4	0x9683      	BCF         LCD_EN, BitPos(LCD_EN+0) 
;__Lib_Lcd.c,139 :: 		
0x00D6	0xDFC7      	RCALL       _Delay_5500us
;__Lib_Lcd.c,142 :: 		
0x00D8	0x9E83      	BCF         LCD_D7, BitPos(LCD_D7+0) 
;__Lib_Lcd.c,143 :: 		
0x00DA	0x8883      	BSF         LCD_D4, BitPos(LCD_D4+0) 
;__Lib_Lcd.c,144 :: 		
0x00DC	0x8683      	BSF         LCD_EN, BitPos(LCD_EN+0) 
;__Lib_Lcd.c,145 :: 		
0x00DE	0xDFCE      	RCALL       _Delay_1us
;__Lib_Lcd.c,146 :: 		
0x00E0	0x9683      	BCF         LCD_EN, BitPos(LCD_EN+0) 
;__Lib_Lcd.c,148 :: 		
0x00E2	0x9883      	BCF         LCD_D4, BitPos(LCD_D4+0) 
;__Lib_Lcd.c,149 :: 		
0x00E4	0x8683      	BSF         LCD_EN, BitPos(LCD_EN+0) 
;__Lib_Lcd.c,150 :: 		
0x00E6	0xDFCA      	RCALL       _Delay_1us
;__Lib_Lcd.c,151 :: 		
0x00E8	0x9683      	BCF         LCD_EN, BitPos(LCD_EN+0) 
;__Lib_Lcd.c,152 :: 		
0x00EA	0xDFBD      	RCALL       _Delay_5500us
;__Lib_Lcd.c,155 :: 		
0x00EC	0x8683      	BSF         LCD_EN, BitPos(LCD_EN+0) 
;__Lib_Lcd.c,156 :: 		
0x00EE	0xDFC6      	RCALL       _Delay_1us
;__Lib_Lcd.c,157 :: 		
0x00F0	0x9683      	BCF         LCD_EN, BitPos(LCD_EN+0) 
;__Lib_Lcd.c,159 :: 		
0x00F2	0x8883      	BSF         LCD_D4, BitPos(LCD_D4+0) 
;__Lib_Lcd.c,160 :: 		
0x00F4	0x8683      	BSF         LCD_EN, BitPos(LCD_EN+0) 
;__Lib_Lcd.c,161 :: 		
0x00F6	0xDFC2      	RCALL       _Delay_1us
;__Lib_Lcd.c,162 :: 		
0x00F8	0x9683      	BCF         LCD_EN, BitPos(LCD_EN+0) 
;__Lib_Lcd.c,163 :: 		
0x00FA	0xDFB5      	RCALL       _Delay_5500us
;__Lib_Lcd.c,166 :: 		
0x00FC	0x9883      	BCF         LCD_D4, BitPos(LCD_D4+0) 
;__Lib_Lcd.c,167 :: 		
0x00FE	0x8683      	BSF         LCD_EN, BitPos(LCD_EN+0) 
;__Lib_Lcd.c,168 :: 		
0x0100	0xDFBD      	RCALL       _Delay_1us
;__Lib_Lcd.c,169 :: 		
0x0102	0x9683      	BCF         LCD_EN, BitPos(LCD_EN+0) 
;__Lib_Lcd.c,171 :: 		
0x0104	0x8E83      	BSF         LCD_D7, BitPos(LCD_D7+0) 
;__Lib_Lcd.c,172 :: 		
0x0106	0x8C83      	BSF         LCD_D6, BitPos(LCD_D6+0) 
;__Lib_Lcd.c,173 :: 		
0x0108	0x8A83      	BSF         LCD_D5, BitPos(LCD_D5+0) 
;__Lib_Lcd.c,174 :: 		
0x010A	0x8883      	BSF         LCD_D4, BitPos(LCD_D4+0) 
;__Lib_Lcd.c,175 :: 		
0x010C	0x8683      	BSF         LCD_EN, BitPos(LCD_EN+0) 
;__Lib_Lcd.c,176 :: 		
0x010E	0xDFB6      	RCALL       _Delay_1us
;__Lib_Lcd.c,177 :: 		
0x0110	0x9683      	BCF         LCD_EN, BitPos(LCD_EN+0) 
;__Lib_Lcd.c,179 :: 		
0x0112	0xDFA9      	RCALL       _Delay_5500us
;__Lib_Lcd.c,181 :: 		
0x0114	0x801B      	BSF         __Lib_Lcd_cmd_status, BitPos(__Lib_Lcd_cmd_status+0) 
;__Lib_Lcd.c,182 :: 		
L_end_Lcd_Init:
0x0116	0x0012      	RETURN      0
; end of _Lcd_Init
___CC2DW:
;__Lib_System.c,21 :: 		
;__Lib_System.c,23 :: 		
_CC2DL_Loop1:
;__Lib_System.c,24 :: 		
0x0118	0x0009      	TBLRD*+
;__Lib_System.c,25 :: 		
0x011A	0xFFE6CFF5  	MOVFF       TABLAT, POSTINC1
;__Lib_System.c,26 :: 		
0x011E	0x0600      	DECF        R0, 1, 0
;__Lib_System.c,27 :: 		
0x0120	0xE1FB      	BNZ         _CC2DL_Loop1
;__Lib_System.c,28 :: 		
0x0122	0x0601      	DECF        R1, 1, 0
;__Lib_System.c,29 :: 		
0x0124	0xE1F9      	BNZ         _CC2DL_Loop1
;__Lib_System.c,31 :: 		
L_end___CC2DW:
0x0126	0x0012      	RETURN      0
; end of ___CC2DW
_main:
;p7b.c,43 :: 		void main() {
;p7b.c,44 :: 		TRISB.B0 = 1;
0x0128	0x8093      	BSF         TRISB, 0 
;p7b.c,45 :: 		TRISE.B1 = 1;
0x012A	0x8296      	BSF         TRISE, 1 
;p7b.c,46 :: 		Lcd_init();
0x012C	0xDFAA      	RCALL       _Lcd_Init
;p7b.c,47 :: 		ADCON0 = 0x71; //AN6
0x012E	0x0E71      	MOVLW       113
0x0130	0x6EC2      	MOVWF       ADCON0 
;p7b.c,48 :: 		ADCON1 = 0xC0;
0x0132	0x0EC0      	MOVLW       192
0x0134	0x6EC1      	MOVWF       ADCON1 
;p7b.c,52 :: 		PIR1.ADIF = 0;  //flag a 0
0x0136	0x9C9E      	BCF         PIR1, 6 
;p7b.c,53 :: 		PIE1.ADIE = 1; //Se habilitan interrupciones AD
0x0138	0x8C9D      	BSF         PIE1, 6 
;p7b.c,57 :: 		INTCON.TMR0IF = 0; //Flag a 0
0x013A	0x94F2      	BCF         INTCON, 2 
;p7b.c,58 :: 		INTCON.TMR0IE = 1;   //Se habilitan interrupciones Timer0
0x013C	0x8AF2      	BSF         INTCON, 5 
;p7b.c,61 :: 		INTCON1.INT0IF = 0;  //Flag a 0
0x013E	0x92F2      	BCF         INTCON1, 1 
;p7b.c,62 :: 		INTCON1.INT0IE = 1; // Habilitamos interrupcion INT0
0x0140	0x88F2      	BSF         INTCON1, 4 
;p7b.c,63 :: 		INTCON2.RBPU = 0; // Resistencia de pullup
0x0142	0x9EF1      	BCF         INTCON2, 7 
;p7b.c,64 :: 		INTCON2.INTEDG0 = 0; // Flanco de bajada
0x0144	0x9CF1      	BCF         INTCON2, 6 
;p7b.c,66 :: 		INTCON.PEIE = 1; //Se habilitan interrupciones perifericas
0x0146	0x8CF2      	BSF         INTCON, 6 
;p7b.c,67 :: 		INTCON.GIE = 1;  //Se habilitan interrupciones en general
0x0148	0x8EF2      	BSF         INTCON, 7 
;p7b.c,68 :: 		ADCON0.B2 = 1;
0x014A	0x84C2      	BSF         ADCON0, 2 
;p7b.c,70 :: 		while(1);
L_main3:
0x014C	0xD7FF      	BRA         L_main3
;p7b.c,71 :: 		}
L_end_main:
0x014E	0xD7FF      	BRA         $+0
; end of _main
Symbol List:
//** Routines locations **
//ADDRESS    SIZE    PROCEDURE
//----------------------------------------------
0x0008      [94]    _interrupt
0x0066      [22]    _Delay_5500us
0x007C       [6]    _Delay_1us
0x0082     [150]    _Lcd_Init
0x0118      [16]    ___CC2DW
0x0128      [40]    _main
//** Variables locations ** 
//ADDRESS    SIZE    VARIABLE
//----------------------------------------------
0x0000       [1]    R0
0x0000       [1]    SPI1_Write_tmp_L0
0x0000       [1]    EEPROM_Write_SaveINTCON_L0
0x0000       [1]    FLASH_Erase_64_SaveINTCON_L0
0x0000       [1]    UART1_Init_tmp_L0
0x0000       [1]    __Lib_SoftI2C_PutZerosToLATScl_temp_scl_L0
0x0000       [1]    __Lib_SoftI2C_PutZerosToLATSda_temp_sda_L0
0x0001       [1]    __Lib_TFT_16bit_JPEG_FileRead_i_L0
0x0001       [1]    __Lib_TFT_16bit_JPEG_FileReadBytes_Result_L0
0x0001       [1]    FLASH_Write_8_i_L0
0x0001       [1]    __Lib_TFT_JPEG_FileReadBytes_Result_L0
0x0001       [1]    __Lib_PS2_Wait_Falling_nsample_L0
0x0001       [1]    __Lib_TFT_JPEG_FileRead_i_L0
0x0001       [1]    ispunct_rslt_L0
0x0001       [1]    UART1_Read___tmp_UART1_Read_L0
0x0001       [2]    FLASH_Read_N_Bytes_i_L0
0x0001       [1]    R1
0x0001       [1]    FLASH_Erase_Write_64_i_L0
0x0002       [2]    __Lib_FT812_alt_memcpy_dd_L0
0x0002       [2]    strlen_cp_L0
0x0002       [2]    __Lib_FT810_alt_memset_pp_L0
0x0002       [2]    __Lib_FT812_alt_memset_pp_L0
0x0002       [2]    __Lib_FT810_alt_strlen_cp_L0
0x0002       [2]    memcpy_dd_L0
0x0002       [2]    __Lib_FT800_alt_memcpy_dd_L0
0x0002       [2]    __Lib_FT812_alt_strlen_cp_L0
0x0002       [2]    __Lib_FT800_alt_memset_pp_L0
0x0002       [1]    FLASH_Write_8_SaveINTCON_L0
0x0002       [2]    memset_pp_L0
0x0002       [1]    FLASH_Erase_Write_64_j_L0
0x0002       [1]    R2
0x0002       [2]    __Lib_FT810_alt_memcpy_dd_L0
0x0002       [2]    __Lib_FT800_alt_strlen_cp_L0
0x0002       [2]    memchr_s_L0
0x0003       [1]    FLASH_Erase_Write_64_SaveINTCON_L0
0x0003       [4]    FT800_Canvas_SurrRect_minX_L0
0x0003       [2]    __Lib_MmcFat16_f16_toInt_l_L0
0x0003       [4]    FT810_Canvas_SurrRect_minX_L0
0x0003       [2]    Ltrim_original_L0
0x0003       [4]    FT812_Canvas_SurrRect_minX_L0
0x0003       [2]    memmove_tt_L0
0x0003       [1]    R3
0x0003       [1]    MM_Init_i_L0
0x0003       [1]    __Lib_Sprinti_?FLOC____Lib_Sprinti_Do_FillT29
0x0003       [2]    MM_TotalFreeMemSize_Tot_L0
0x0004       [2]    strcat_cp_L0
0x0004       [3]    __Lib_FT800_alt_strlen_const_cp_L0
0x0004       [2]    strncat_cp_L0
0x0004       [2]    __Lib_FT810_alt_memcpy_ss_L0
0x0004       [2]    strncpy_cp_L0
0x0004       [2]    __Lib_MemManager_MM_GetMemAlign_P_L0
0x0004       [1]    R4
0x0004       [1]    __Lib_Sprinti_?FLOC____Lib_Sprinti_Do_FillT40
0x0004       [2]    __Lib_FT812_alt_memcpy_ss_L0
0x0004       [3]    __Lib_FT810_alt_strlen_const_cp_L0
0x0004       [2]    __Lib_FT800_alt_memcpy_ss_L0
0x0004       [2]    strcpy_cp_L0
0x0004       [2]    memcpy_ss_L0
0x0004       [2]    frexp_pom_L0
0x0004       [3]    __Lib_FT812_alt_strlen_const_cp_L0
0x0005       [2]    LongIntToHex_input_half_L0
0x0005       [2]    Ltrim_p_L0
0x0005       [1]    __Lib_Sprinti_?FLOC____Lib_Sprinti_Do_FillT54
0x0005       [2]    LongWordToHex_input_half_L0
0x0005       [1]    R5
0x0005       [1]    MM_TotalFreeMemSize_i_L0
0x0005       [2]    memmove_ff_L0
0x0006       [1]    __Lib_MemManager_MM_GetMemAlign_i_L0
0x0006       [1]    __Lib_Sprinti_?FLOC____Lib_Sprinti_Do_FillT69
0x0006       [1]    R6
0x0007       [4]    FT810_Canvas_SurrRect_minY_L0
0x0007       [1]    __Lib_TFT_16bit_JPEG_GenerateHuffmanTables_bLength_L0
0x0007       [1]    R7
0x0007       [4]    FT800_Canvas_SurrRect_minY_L0
0x0007       [1]    __Lib_TFT_JPEG_GenerateHuffmanTables_bLength_L0
0x0007       [4]    FT812_Canvas_SurrRect_minY_L0
0x0008       [1]    __Lib_TFT_16bit_JPEG_GenerateHuffmanTables_bTable_L0
0x0008       [1]    __Lib_TFT_JPEG_GenerateHuffmanTables_bTable_L0
0x0008       [1]    R8
0x0009       [4]    __Lib_MmcFat16_f16_toLong_l_L0
0x0009       [1]    R9
0x000A       [1]    R10
0x000B       [4]    FT800_Canvas_SurrRect_maxX_L0
0x000B       [4]    FT812_Canvas_SurrRect_maxX_L0
0x000B       [1]    R11
0x000B       [4]    FT810_Canvas_SurrRect_maxX_L0
0x000C       [1]    R12
0x000D       [1]    R13
0x000E       [1]    R14
0x000F       [4]    FT812_Canvas_SurrRect_maxY_L0
0x000F       [4]    FT800_Canvas_SurrRect_maxY_L0
0x000F       [4]    FT810_Canvas_SurrRect_maxY_L0
0x000F       [1]    R15
0x0010       [1]    R16
0x0011       [1]    R17
0x0012       [1]    R18
0x0013       [1]    R19
0x0014       [1]    R20
0x0017       [2]    _aux
0x0019       [2]    _auxAnterior
0x001B       [0]    __Lib_Lcd_cmd_status
0x0F83       [0]    LCD_D6
0x0F83       [0]    LCD_D5
0x0F83       [0]    LCD_D7
0x0F83       [0]    RD5_bit
0x0F83       [0]    RD7_bit
0x0F83       [0]    RD3_bit
0x0F83       [0]    RD4_bit
0x0F83       [0]    LCD_RS
0x0F83       [0]    LCD_EN
0x0F83       [0]    RD6_bit
0x0F83       [0]    LCD_D4
0x0F83       [0]    RD2_bit
0x0F93       [1]    TRISB
0x0F95       [0]    LCD_D6_Direction
0x0F95       [0]    TRISD6_bit
0x0F95       [0]    LCD_D5_Direction
0x0F95       [0]    LCD_EN_Direction
0x0F95       [0]    TRISD2_bit
0x0F95       [0]    TRISD7_bit
0x0F95       [0]    LCD_D4_Direction
0x0F95       [0]    LCD_RS_Direction
0x0F95       [0]    TRISD4_bit
0x0F95       [0]    TRISD3_bit
0x0F95       [0]    TRISD5_bit
0x0F95       [0]    LCD_D7_Direction
0x0F96       [1]    TRISE
0x0F9D       [1]    PIE1
0x0F9E       [1]    PIR1
0x0FC1       [1]    ADCON1
0x0FC2       [1]    ADCON0
0x0FC3       [1]    ADRESL
0x0FC4       [1]    ADRESH
0x0FD6       [1]    TMR0L
0x0FD7       [1]    TMR0H
0x0FD8       [1]    STATUS
0x0FD9       [1]    FSR2L
0x0FDA       [1]    FSR2H
0x0FDE       [1]    POSTINC2
0x0FE0       [1]    BSR
0x0FE1       [1]    FSR1L
0x0FE2       [1]    FSR1H
0x0FE4       [1]    PREINC1
0x0FE6       [1]    POSTINC1
0x0FE7       [1]    INDF1
0x0FE8       [1]    WREG
0x0FE9       [1]    FSR0L
0x0FEA       [1]    FSR0H
0x0FEE       [1]    POSTINC0
0x0FF1       [1]    INTCON2
0x0FF2       [1]    INTCON1
0x0FF2       [1]    INTCON
0x0FF3       [1]    PRODL
0x0FF4       [1]    PRODH
0x0FF5       [1]    TABLAT
0x0FF6       [1]    TBLPTRL
0x0FF7       [1]    TBLPTRH
0x0FF8       [1]    TBLPTRU
